#
# A fatal error has been detected by the Java Runtime Environment:
#
#  SIGSEGV (0xb) at pc=0x00007f860d7df997, pid=3866, tid=140213574465280
#
# JRE version: Java(TM) SE Runtime Environment (7.0_40-b43) (build 1.7.0_40-b43)
# Java VM: Java HotSpot(TM) 64-Bit Server VM (24.0-b56 mixed mode linux-amd64 compressed oops)
# Problematic frame:
# V  [libjvm.so+0x87a997]  oopDesc* PSPromotionManager::copy_to_survivor_space<false>(oopDesc*)+0x177
#
# Failed to write core dump. Core dumps have been disabled. To enable core dumping, try "ulimit -c unlimited" before starting Java again
#
# If you would like to submit a bug report, please visit:
#   http://bugreport.sun.com/bugreport/crash.jsp
#

---------------  T H R E A D  ---------------

Current thread (0x00007f8608025800):  GCTaskThread [stack: 0x00007f86043c7000,0x00007f86044c8000] [id=3882]

siginfo:si_signo=SIGSEGV: si_errno=0, si_code=1 (SEGV_MAPERR), si_addr=0x000000000008002a

Registers:
RAX=0x00007f860dd77680, RBX=0x00000000d3a4fe6c, RCX=0x0000000000000000, RDX=0x0000000000080012
RSP=0x00007f86044c6a70, RBP=0x00007f86044c6ae0, RSI=0x00000000f0ae64b0, RDI=0x0000000000080022
R8 =0x0000000000000001, R9 =0x00007f860dd92e38, R10=0x0000000000000000, R11=0xd33c05e0d33c0758
R12=0x00000000f0ae64b0, R13=0x006f0007000a002c, R14=0x0000000000000000, R15=0x00007f8608067990
RIP=0x00007f860d7df997, EFLAGS=0x0000000000010206, CSGSFS=0x0000000000000033, ERR=0x0000000000000004
  TRAPNO=0x000000000000000e

Top of Stack: (sp=0x00007f86044c6a70)
0x00007f86044c6a70:   00007f86044c6af0 00007f860dd92e38
0x00007f86044c6a80:   0000000000000018 00007f8608067920
0x00007f86044c6a90:   00000000d3a4df78 0000000000000400
0x00007f86044c6aa0:   00000000fd790000 0000000000001000
0x00007f86044c6ab0:   00007f8608067950 00000000d3a4fe6c
0x00007f86044c6ac0:   00007f8608067920 00007f860dd77680
0x00007f86044c6ad0:   0000000000000000 00007f8608067990
0x00007f86044c6ae0:   00007f86044c6bd0 00007f860d7df170
0x00007f86044c6af0:   00007f86044c6b70 00007f86044c6b60
0x00007f86044c6b00:   00007f86044c6b70 00007f86044c6b30
0x00007f86044c6b10:   00007f86044c6b40 00007f86044c6b90
0x00007f86044c6b20:   00000000d3a41f78 00007f86080679c0
0x00007f86044c6b30:   00000000d2600090 00007f860dd77680
0x00007f86044c6b40:   00007f860dda0c68 00000000d3303bbc
0x00007f86044c6b50:   00007f86044c6bd0 00007f860d755f7f
0x00007f86044c6b60:   00000000d33c739d 00007f860d54457e
0x00007f86044c6b70:   00000000c09d6250 00000000d33c739c
0x00007f86044c6b80:   00007f86044c6bd0 00007f860d5103a8
0x00007f86044c6b90:   00000000d3a4fe6d 00007f8608067988
0x00007f86044c6ba0:   0000000000000000 00000000d33c7400
0x00007f86044c6bb0:   00000000d33c7400 00007f8604864e3a
0x00007f86044c6bc0:   00007f860801b100 00007f8604864e81
0x00007f86044c6bd0:   00007f86044c6c90 00007f860d31fed6
0x00007f86044c6be0:   00007f860801f710 00007f8604864e80
0x00007f86044c6bf0:   00007f8604864e01 00007f860dd92e38
0x00007f86044c6c00:   00007f8608067920 00000000d3a43f78
0x00007f86044c6c10:   00007f860801ae90 00007f8604868220
0x00007f86044c6c20:   00000000d33c7000 0000000000000200
0x00007f86044c6c30:   00000000d33d0010 00007f8604864e39
0x00007f86044c6c40:   0000000000000240 00007f8604865000
0x00007f86044c6c50:   00007f8604865000 00007f8604864e3a
0x00007f86044c6c60:   00007f8604864e39 00007f8608027b00 

Instructions: (pc=0x00007f860d7df997)
0x00007f860d7df977:   83 f8 05 75 d3 31 db eb d6 48 8b 05 f9 af 57 00
0x00007f860d7df987:   8b 56 08 8b 48 08 48 d3 e2 48 03 10 48 8d 7a 10
0x00007f860d7df997:   8b 77 08 83 fe 00 0f 8f db fe ff ff 0f 85 07 03
0x00007f860d7df9a7:   00 00 0f 1f 80 00 00 00 00 48 8b 07 4c 89 e6 4c 

Register to memory mapping:

RAX=0x00007f860dd77680: <offset 0xe12680> in /usr/lib/jvm/jdk1.7.0_11/jre/lib/amd64/server/libjvm.so at 0x00007f860cf65000
RBX=0x00000000d3a4fe6c is pointing into object: 0x00000000d3a4fe48
org.codehaus.groovy.ast.expr.VariableExpression 
 - klass: 'org/codehaus/groovy/ast/expr/VariableExpression'
RCX=0x0000000000000000 is an unknown value
RDX=0x0000000000080012 is an unknown value
RSP=0x00007f86044c6a70 is an unknown value
RBP=0x00007f86044c6ae0 is an unknown value
RSI=0x00000000f0ae64b0 is an unknown value
RDI=0x0000000000080022 is an unknown value
R8 =0x0000000000000001 is an unknown value
R9 =0x00007f860dd92e38: <offset 0xe2de38> in /usr/lib/jvm/jdk1.7.0_11/jre/lib/amd64/server/libjvm.so at 0x00007f860cf65000
R10=0x0000000000000000 is an unknown value
R11=0xd33c05e0d33c0758 is an unknown value
R12=0x00000000f0ae64b0 is an unknown value
R13=0x006f0007000a002c is an unknown value
R14=0x0000000000000000 is an unknown value
R15=0x00007f8608067990 is an unknown value


Stack: [0x00007f86043c7000,0x00007f86044c8000],  sp=0x00007f86044c6a70,  free space=1022k
Native frames: (J=compiled Java code, j=interpreted, Vv=VM code, C=native code)
V  [libjvm.so+0x87a997]  oopDesc* PSPromotionManager::copy_to_survivor_space<false>(oopDesc*)+0x177
V  [libjvm.so+0x87a170]  PSPromotionManager::drain_stacks_depth(bool)+0x7c0
V  [libjvm.so+0x3baed6]  CardTableExtension::scavenge_contents_parallel(ObjectStartArray*, MutableSpace*, HeapWord*, PSPromotionManager*, unsigned int, unsigned int)+0xb56
V  [libjvm.so+0x87da1b]  OldToYoungRootsTask::do_it(GCTaskManager*, unsigned int)+0x4b
V  [libjvm.so+0x550f0f]  GCTaskThread::run()+0x12f
V  [libjvm.so+0x814a58]  java_start(Thread*)+0x108


---------------  P R O C E S S  ---------------

Java Threads: ( => current thread )
  0x00007f86086ef800 JavaThread "com.google.inject.internal.util.$Finalizer" daemon [_thread_blocked, id=3895, stack(0x00007f85f78c4000,0x00007f85f79c5000)]
  0x00007f8608295800 JavaThread "process reaper" daemon [_thread_blocked, id=3892, stack(0x00007f85fc012000,0x00007f85fc04b000)]
  0x00007f8608096000 JavaThread "Service Thread" daemon [_thread_blocked, id=3889, stack(0x00007f85fc14c000,0x00007f85fc24d000)]
  0x00007f8608093800 JavaThread "C2 CompilerThread1" daemon [_thread_blocked, id=3888, stack(0x00007f85fc24d000,0x00007f85fc34e000)]
  0x00007f8608091000 JavaThread "C2 CompilerThread0" daemon [_thread_blocked, id=3887, stack(0x00007f85fc34e000,0x00007f85fc44f000)]
  0x00007f860808e800 JavaThread "Signal Dispatcher" daemon [_thread_blocked, id=3886, stack(0x00007f85fc44f000,0x00007f85fc550000)]
  0x00007f8608070000 JavaThread "Finalizer" daemon [_thread_blocked, id=3885, stack(0x00007f85fcc31000,0x00007f85fcd32000)]
  0x00007f860806c000 JavaThread "Reference Handler" daemon [_thread_blocked, id=3884, stack(0x00007f85fcd32000,0x00007f85fce33000)]
  0x00007f860800a000 JavaThread "main" [_thread_blocked, id=3878, stack(0x00007f860e8d1000,0x00007f860e9d2000)]

Other Threads:
  0x00007f8608069800 VMThread [stack: 0x00007f85fce33000,0x00007f85fcf34000] [id=3883]
  0x00007f86080a1000 WatcherThread [stack: 0x00007f85fc04b000,0x00007f85fc14c000] [id=3890]

=>0x00007f8608025800 (exited) GCTaskThread [stack: 0x00007f86043c7000,0x00007f86044c8000] [id=3882]

VM state:at safepoint (normal execution)

VM Mutex/Monitor currently owned by a thread:  ([mutex/lock_event])
[0x00007f8608006750] Threads_lock - owner thread: 0x00007f8608069800
[0x00007f8608006c50] Heap_lock - owner thread: 0x00007f860800a000

Heap
 PSYoungGen      total 240640K, used 222675K [0x00000000f0000000, 0x00000000fff80000, 0x0000000100000000)
  eden space 220672K, 100% used [0x00000000f0000000,0x00000000fd780000,0x00000000fd780000)
  from space 19968K, 10% used [0x00000000fec00000,0x00000000fedf4ce8,0x00000000fff80000)
  to   space 20480K, 5% used [0x00000000fd780000,0x00000000fd890000,0x00000000feb80000)
 ParOldGen       total 81920K, used 60403K [0x00000000d0000000, 0x00000000d5000000, 0x00000000f0000000)
  object space 81920K, 73% used [0x00000000d0000000,0x00000000d3afcf88,0x00000000d5000000)
 PSPermGen       total 64000K, used 33974K [0x00000000c0000000, 0x00000000c3e80000, 0x00000000d0000000)
  object space 64000K, 53% used [0x00000000c0000000,0x00000000c212d830,0x00000000c3e80000)

Card table byte_map: [0x00007f86047cb000,0x00007f86049cc000] byte_map_base: 0x00007f86041cb000

Polling page: 0x00007f860e9ea000

Code Cache  [0x00007f86049cc000, 0x00007f860509c000, 0x00007f86079cc000)
 total_blobs=1787 nmethods=1227 adapters=512 free_code_cache=42561Kb largest_free_block=43199040

Compilation events (10 events):
Event: 48.762 Thread 0x00007f8608093800 nmethod 1366 0x00007f8604b6efd0 code [0x00007f8604b6f1c0, 0x00007f8604b6f560]
Event: 49.010 Thread 0x00007f8608091000 nmethod 1365 0x00007f860508ab90 code [0x00007f860508b500, 0x00007f8605090998]
Event: 49.186 Thread 0x00007f8608093800 1367   !         sun.reflect.annotation.AnnotationParser::parseAnnotations (36 bytes)
Event: 49.215 Thread 0x00007f8608093800 nmethod 1367 0x00007f8604fe30d0 code [0x00007f8604fe33c0, 0x00007f8604fe45a0]
Event: 49.239 Thread 0x00007f8608091000 1368             java.lang.System$2::getConstantPool (5 bytes)
Event: 49.240 Thread 0x00007f8608091000 nmethod 1368 0x00007f8604ee2610 code [0x00007f8604ee2760, 0x00007f8604ee27e8]
Event: 49.513 Thread 0x00007f8608093800 1369             org.codehaus.groovy.control.ResolveVisitor::visitAnnotations (270 bytes)
Event: 49.514 Thread 0x00007f8608091000 1370             org.codehaus.groovy.control.ResolveVisitor::resolveNestedClass (290 bytes)
Event: 49.546 Thread 0x00007f8608093800 nmethod 1369 0x00007f8604bd3950 code [0x00007f8604bd3c80, 0x00007f8604bd4a38]
Event: 49.628 Thread 0x00007f8608091000 nmethod 1370 0x00007f8605047850 code [0x00007f8605047e00, 0x00007f860504a6c8]

GC Heap History (10 events):
Event: 21.379 GC heap after
Heap after GC invocations=11 (full 0):
 PSYoungGen      total 224768K, used 9211K [0x00000000f0000000, 0x0000000100000000, 0x0000000100000000)
  eden space 215552K, 0% used [0x00000000f0000000,0x00000000f0000000,0x00000000fd280000)
  from space 9216K, 99% used [0x00000000fd280000,0x00000000fdb7ecd8,0x00000000fdb80000)
  to   space 13824K, 0% used [0x00000000ff280000,0x00000000ff280000,0x0000000100000000)
 ParOldGen       total 44032K, used 30624K [0x00000000d0000000, 0x00000000d2b00000, 0x00000000f0000000)
  object space 44032K, 69% used [0x00000000d0000000,0x00000000d1de82a0,0x00000000d2b00000)
 PSPermGen       total 32768K, used 27043K [0x00000000c0000000, 0x00000000c2000000, 0x00000000d0000000)
  object space 32768K, 82% used [0x00000000c0000000,0x00000000c1a68cf0,0x00000000c2000000)
}
Event: 42.009 GC heap before
{Heap before GC invocations=12 (full 0):
 PSYoungGen      total 224768K, used 224763K [0x00000000f0000000, 0x0000000100000000, 0x0000000100000000)
  eden space 215552K, 100% used [0x00000000f0000000,0x00000000fd280000,0x00000000fd280000)
  from space 9216K, 99% used [0x00000000fd280000,0x00000000fdb7ecd8,0x00000000fdb80000)
  to   space 13824K, 0% used [0x00000000ff280000,0x00000000ff280000,0x0000000100000000)
 ParOldGen       total 44032K, used 30624K [0x00000000d0000000, 0x00000000d2b00000, 0x00000000f0000000)
  object space 44032K, 69% used [0x00000000d0000000,0x00000000d1de82a0,0x00000000d2b00000)
 PSPermGen       total 32768K, used 31940K [0x00000000c0000000, 0x00000000c2000000, 0x00000000d0000000)
  object space 32768K, 97% used [0x00000000c0000000,0x00000000c1f31368,0x00000000c2000000)
Event: 42.077 GC heap after
Heap after GC invocations=12 (full 0):
 PSYoungGen      total 233984K, used 13792K [0x00000000f0000000, 0x0000000100000000, 0x0000000100000000)
  eden space 220160K, 0% used [0x00000000f0000000,0x00000000f0000000,0x00000000fd700000)
  from space 13824K, 99% used [0x00000000ff280000,0x00000000ffff8020,0x0000000100000000)
  to   space 20992K, 0% used [0x00000000fd700000,0x00000000fd700000,0x00000000feb80000)
 ParOldGen       total 46080K, used 45869K [0x00000000d0000000, 0x00000000d2d00000, 0x00000000f0000000)
  object space 46080K, 99% used [0x00000000d0000000,0x00000000d2ccb748,0x00000000d2d00000)
 PSPermGen       total 32768K, used 31940K [0x00000000c0000000, 0x00000000c2000000, 0x00000000d0000000)
  object space 32768K, 97% used [0x00000000c0000000,0x00000000c1f31368,0x00000000c2000000)
}
Event: 42.077 GC heap before
{Heap before GC invocations=13 (full 1):
 PSYoungGen      total 233984K, used 13792K [0x00000000f0000000, 0x0000000100000000, 0x0000000100000000)
  eden space 220160K, 0% used [0x00000000f0000000,0x00000000f0000000,0x00000000fd700000)
  from space 13824K, 99% used [0x00000000ff280000,0x00000000ffff8020,0x0000000100000000)
  to   space 20992K, 0% used [0x00000000fd700000,0x00000000fd700000,0x00000000feb80000)
 ParOldGen       total 46080K, used 45869K [0x00000000d0000000, 0x00000000d2d00000, 0x00000000f0000000)
  object space 46080K, 99% used [0x00000000d0000000,0x00000000d2ccb748,0x00000000d2d00000)
 PSPermGen       total 32768K, used 31940K [0x00000000c0000000, 0x00000000c2000000, 0x00000000d0000000)
  object space 32768K, 97% used [0x00000000c0000000,0x00000000c1f31368,0x00000000c2000000)
Event: 42.519 GC heap after
Heap after GC invocations=13 (full 1):
 PSYoungGen      total 233984K, used 6609K [0x00000000f0000000, 0x0000000100000000, 0x0000000100000000)
  eden space 220160K, 0% used [0x00000000f0000000,0x00000000f0000000,0x00000000fd700000)
  from space 13824K, 47% used [0x00000000ff280000,0x00000000ff8f4488,0x0000000100000000)
  to   space 20992K, 0% used [0x00000000fd700000,0x00000000fd700000,0x00000000feb80000)
 ParOldGen       total 81920K, used 45973K [0x00000000d0000000, 0x00000000d5000000, 0x00000000f0000000)
  object space 81920K, 56% used [0x00000000d0000000,0x00000000d2ce5658,0x00000000d5000000)
 PSPermGen       total 64000K, used 31926K [0x00000000c0000000, 0x00000000c3e80000, 0x00000000d0000000)
  object space 64000K, 49% used [0x00000000c0000000,0x00000000c1f2db18,0x00000000c3e80000)
}
Event: 45.328 GC heap before
{Heap before GC invocations=14 (full 1):
 PSYoungGen      total 233984K, used 226769K [0x00000000f0000000, 0x0000000100000000, 0x0000000100000000)
  eden space 220160K, 100% used [0x00000000f0000000,0x00000000fd700000,0x00000000fd700000)
  from space 13824K, 47% used [0x00000000ff280000,0x00000000ff8f4488,0x0000000100000000)
  to   space 20992K, 0% used [0x00000000fd700000,0x00000000fd700000,0x00000000feb80000)
 ParOldGen       total 81920K, used 45973K [0x00000000d0000000, 0x00000000d5000000, 0x00000000f0000000)
  object space 81920K, 56% used [0x00000000d0000000,0x00000000d2ce5658,0x00000000d5000000)
 PSPermGen       total 64000K, used 32228K [0x00000000c0000000, 0x00000000c3e80000, 0x00000000d0000000)
  object space 64000K, 50% used [0x00000000c0000000,0x00000000c1f79000,0x00000000c3e80000)
Event: 45.368 GC heap after
Heap after GC invocations=14 (full 1):
 PSYoungGen      total 241152K, used 7508K [0x00000000f0000000, 0x0000000100000000, 0x0000000100000000)
  eden space 220160K, 0% used [0x00000000f0000000,0x00000000f0000000,0x00000000fd700000)
  from space 20992K, 35% used [0x00000000fd700000,0x00000000fde55248,0x00000000feb80000)
  to   space 20480K, 0% used [0x00000000fec00000,0x00000000fec00000,0x0000000100000000)
 ParOldGen       total 81920K, used 52627K [0x00000000d0000000, 0x00000000d5000000, 0x00000000f0000000)
  object space 81920K, 64% used [0x00000000d0000000,0x00000000d3364c20,0x00000000d5000000)
 PSPermGen       total 64000K, used 32228K [0x00000000c0000000, 0x00000000c3e80000, 0x00000000d0000000)
  object space 64000K, 50% used [0x00000000c0000000,0x00000000c1f79000,0x00000000c3e80000)
}
Event: 47.970 GC heap before
{Heap before GC invocations=15 (full 1):
 PSYoungGen      total 241152K, used 227668K [0x00000000f0000000, 0x0000000100000000, 0x0000000100000000)
  eden space 220160K, 100% used [0x00000000f0000000,0x00000000fd700000,0x00000000fd700000)
  from space 20992K, 35% used [0x00000000fd700000,0x00000000fde55248,0x00000000feb80000)
  to   space 20480K, 0% used [0x00000000fec00000,0x00000000fec00000,0x0000000100000000)
 ParOldGen       total 81920K, used 52627K [0x00000000d0000000, 0x00000000d5000000, 0x00000000f0000000)
  object space 81920K, 64% used [0x00000000d0000000,0x00000000d3364c20,0x00000000d5000000)
 PSPermGen       total 64000K, used 33285K [0x00000000c0000000, 0x00000000c3e80000, 0x00000000d0000000)
  object space 64000K, 52% used [0x00000000c0000000,0x00000000c2081408,0x00000000c3e80000)
Event: 47.989 GC heap after
Heap after GC invocations=15 (full 1):
 PSYoungGen      total 240640K, used 2003K [0x00000000f0000000, 0x00000000fff80000, 0x0000000100000000)
  eden space 220672K, 0% used [0x00000000f0000000,0x00000000f0000000,0x00000000fd780000)
  from space 19968K, 10% used [0x00000000fec00000,0x00000000fedf4ce8,0x00000000fff80000)
  to   space 20480K, 0% used [0x00000000fd780000,0x00000000fd780000,0x00000000feb80000)
 ParOldGen       total 81920K, used 59663K [0x00000000d0000000, 0x00000000d5000000, 0x00000000f0000000)
  object space 81920K, 72% used [0x00000000d0000000,0x00000000d3a43f78,0x00000000d5000000)
 PSPermGen       total 64000K, used 33285K [0x00000000c0000000, 0x00000000c3e80000, 0x00000000d0000000)
  object space 64000K, 52% used [0x00000000c0000000,0x00000000c2081408,0x00000000c3e80000)
}
Event: 49.798 GC heap before
{Heap before GC invocations=16 (full 1):
 PSYoungGen      total 240640K, used 222675K [0x00000000f0000000, 0x00000000fff80000, 0x0000000100000000)
  eden space 220672K, 100% used [0x00000000f0000000,0x00000000fd780000,0x00000000fd780000)
  from space 19968K, 10% used [0x00000000fec00000,0x00000000fedf4ce8,0x00000000fff80000)
  to   space 20480K, 0% used [0x00000000fd780000,0x00000000fd780000,0x00000000feb80000)
 ParOldGen       total 81920K, used 59663K [0x00000000d0000000, 0x00000000d5000000, 0x00000000f0000000)
  object space 81920K, 72% used [0x00000000d0000000,0x00000000d3a43f78,0x00000000d5000000)
 PSPermGen       total 64000K, used 33974K [0x00000000c0000000, 0x00000000c3e80000, 0x00000000d0000000)
  object space 64000K, 53% used [0x00000000c0000000,0x00000000c212d830,0x00000000c3e80000)

Deoptimization events (10 events):
Event: 45.879 Thread 0x00007f860800a000 Uncommon trap: reason=class_check action=maybe_recompile pc=0x00007f860503fc4c method=org.codehaus.groovy.control.ResolveVisitor.resolveNestedClass(Lorg/codehaus/groovy/ast/ClassNode;)Z @ 26
Event: 45.880 Thread 0x00007f860800a000 Uncommon trap: reason=class_check action=maybe_recompile pc=0x00007f860503fc4c method=org.codehaus.groovy.control.ResolveVisitor.resolveNestedClass(Lorg/codehaus/groovy/ast/ClassNode;)Z @ 26
Event: 45.880 Thread 0x00007f860800a000 Uncommon trap: reason=class_check action=maybe_recompile pc=0x00007f8604f89fa0 method=org.codehaus.groovy.control.ResolveVisitor.resolveNestedClass(Lorg/codehaus/groovy/ast/ClassNode;)Z @ 26
Event: 45.880 Thread 0x00007f860800a000 Uncommon trap: reason=class_check action=maybe_recompile pc=0x00007f860503fc4c method=org.codehaus.groovy.control.ResolveVisitor.resolveNestedClass(Lorg/codehaus/groovy/ast/ClassNode;)Z @ 26
Event: 46.027 Thread 0x00007f860800a000 Uncommon trap: reason=class_check action=maybe_recompile pc=0x00007f8604f3f274 method=org.codehaus.groovy.classgen.VariableScopeVisitor.findClassMember(Lorg/codehaus/groovy/ast/ClassNode;Ljava/lang/String;)Lorg/codehaus/groovy/ast/Variable; @ 24
Event: 46.027 Thread 0x00007f860800a000 Uncommon trap: reason=class_check action=maybe_recompile pc=0x00007f8604f3f274 method=org.codehaus.groovy.classgen.VariableScopeVisitor.findClassMember(Lorg/codehaus/groovy/ast/ClassNode;Ljava/lang/String;)Lorg/codehaus/groovy/ast/Variable; @ 24
Event: 46.027 Thread 0x00007f860800a000 Uncommon trap: reason=class_check action=maybe_recompile pc=0x00007f8604f3f274 method=org.codehaus.groovy.classgen.VariableScopeVisitor.findClassMember(Lorg/codehaus/groovy/ast/ClassNode;Ljava/lang/String;)Lorg/codehaus/groovy/ast/Variable; @ 24
Event: 46.027 Thread 0x00007f860800a000 Uncommon trap: reason=class_check action=maybe_recompile pc=0x00007f8604f3f274 method=org.codehaus.groovy.classgen.VariableScopeVisitor.findClassMember(Lorg/codehaus/groovy/ast/ClassNode;Ljava/lang/String;)Lorg/codehaus/groovy/ast/Variable; @ 24
Event: 48.615 Thread 0x00007f860800a000 Uncommon trap: reason=class_check action=maybe_recompile pc=0x00007f8604ef29b0 method=org.codehaus.groovy.control.ResolveVisitor.resolveGenericsTypes([Lorg/codehaus/groovy/ast/GenericsType;)V @ 10
Event: 48.618 Thread 0x00007f860800a000 Uncommon trap: reason=class_check action=maybe_recompile pc=0x00007f8604f5a430 method=org.codehaus.groovy.control.ResolveVisitor.resolveGenericsTypes([Lorg/codehaus/groovy/ast/GenericsType;)V @ 10

Internal exceptions (10 events):
Event: 49.796 Thread 0x00007f860800a000 Threw 0x00000000fd710810 at /HUDSON/workspace/jdk7u40-2-build-linux-amd64-product/jdk7u40/hotspot/src/share/vm/prims/jvm.cpp:1244
Event: 49.796 Thread 0x00007f860800a000 Threw 0x00000000fd724b58 at /HUDSON/workspace/jdk7u40-2-build-linux-amd64-product/jdk7u40/hotspot/src/share/vm/prims/jvm.cpp:1244
Event: 49.796 Thread 0x00007f860800a000 Threw 0x00000000fd736cd8 at /HUDSON/workspace/jdk7u40-2-build-linux-amd64-product/jdk7u40/hotspot/src/share/vm/prims/jvm.cpp:1244
Event: 49.797 Thread 0x00007f860800a000 Threw 0x00000000fd739bc8 at /HUDSON/workspace/jdk7u40-2-build-linux-amd64-product/jdk7u40/hotspot/src/share/vm/prims/jvm.cpp:1244
Event: 49.797 Thread 0x00007f860800a000 Threw 0x00000000fd73ccd8 at /HUDSON/workspace/jdk7u40-2-build-linux-amd64-product/jdk7u40/hotspot/src/share/vm/prims/jvm.cpp:1244
Event: 49.797 Thread 0x00007f860800a000 Threw 0x00000000fd7513e8 at /HUDSON/workspace/jdk7u40-2-build-linux-amd64-product/jdk7u40/hotspot/src/share/vm/prims/jvm.cpp:1244
Event: 49.797 Thread 0x00007f860800a000 Threw 0x00000000fd763568 at /HUDSON/workspace/jdk7u40-2-build-linux-amd64-product/jdk7u40/hotspot/src/share/vm/prims/jvm.cpp:1244
Event: 49.797 Thread 0x00007f860800a000 Threw 0x00000000fd766458 at /HUDSON/workspace/jdk7u40-2-build-linux-amd64-product/jdk7u40/hotspot/src/share/vm/prims/jvm.cpp:1244
Event: 49.798 Thread 0x00007f860800a000 Threw 0x00000000fd769568 at /HUDSON/workspace/jdk7u40-2-build-linux-amd64-product/jdk7u40/hotspot/src/share/vm/prims/jvm.cpp:1244
Event: 49.798 Thread 0x00007f860800a000 Threw 0x00000000fd77dc78 at /HUDSON/workspace/jdk7u40-2-build-linux-amd64-product/jdk7u40/hotspot/src/share/vm/prims/jvm.cpp:1244

Events (10 events):
Event: 49.795 loading class 0x00007f8608d00440 done
Event: 49.795 loading class 0x00007f8608d00490
Event: 49.795 loading class 0x00007f8608d00490 done
Event: 49.796 loading class 0x00007f8608d00490
Event: 49.796 loading class 0x00007f8608d00490 done
Event: 49.796 loading class 0x00007f8608d004e0
Event: 49.796 loading class 0x00007f8608d004e0 done
Event: 49.797 loading class 0x00007f8608d00530
Event: 49.797 loading class 0x00007f8608d00530 done
Event: 49.798 Executing VM operation: ParallelGCFailedAllocation


Dynamic libraries:
00400000-00401000 r-xp 00000000 08:07 5505245                            /usr/lib/jvm/jdk1.7.0_11/bin/java
00600000-00601000 rw-p 00000000 08:07 5505245                            /usr/lib/jvm/jdk1.7.0_11/bin/java
00ac6000-00ae7000 rw-p 00000000 00:00 0                                  [heap]
c0000000-c3e80000 rw-p 00000000 00:00 0 
c3e80000-d0000000 rw-p 00000000 00:00 0 
d0000000-d5000000 rw-p 00000000 00:00 0 
d5000000-f0000000 rw-p 00000000 00:00 0 
f0000000-fff80000 rw-p 00000000 00:00 0 
fff80000-100000000 ---p 00000000 00:00 0 
7f85c0000000-7f85c0021000 rw-p 00000000 00:00 0 
7f85c0021000-7f85c4000000 ---p 00000000 00:00 0 
7f85c8000000-7f85c8021000 rw-p 00000000 00:00 0 
7f85c8021000-7f85cc000000 ---p 00000000 00:00 0 
7f85cc000000-7f85cc021000 rw-p 00000000 00:00 0 
7f85cc021000-7f85d0000000 ---p 00000000 00:00 0 
7f85d0000000-7f85d1f2d000 rw-p 00000000 00:00 0 
7f85d1f2d000-7f85d4000000 ---p 00000000 00:00 0 
7f85d4000000-7f85d4021000 rw-p 00000000 00:00 0 
7f85d4021000-7f85d8000000 ---p 00000000 00:00 0 
7f85d8000000-7f85d8021000 rw-p 00000000 00:00 0 
7f85d8021000-7f85dc000000 ---p 00000000 00:00 0 
7f85dc000000-7f85df7aa000 rw-p 00000000 00:00 0 
7f85df7aa000-7f85e0000000 ---p 00000000 00:00 0 
7f85e0000000-7f85e0021000 rw-p 00000000 00:00 0 
7f85e0021000-7f85e4000000 ---p 00000000 00:00 0 
7f85e4000000-7f85e4021000 rw-p 00000000 00:00 0 
7f85e4021000-7f85e8000000 ---p 00000000 00:00 0 
7f85e8000000-7f85e825e000 rw-p 00000000 00:00 0 
7f85e825e000-7f85ec000000 ---p 00000000 00:00 0 
7f85ec000000-7f85ec021000 rw-p 00000000 00:00 0 
7f85ec021000-7f85f0000000 ---p 00000000 00:00 0 
7f85f0000000-7f85f0021000 rw-p 00000000 00:00 0 
7f85f0021000-7f85f4000000 ---p 00000000 00:00 0 
7f85f7514000-7f85f7515000 rw-p 00000000 00:00 0 
7f85f7515000-7f85f751e000 r--s 00250000 08:07 5505960                    /usr/lib/jvm/jdk1.7.0_11/jre/lib/resources.jar
7f85f751e000-7f85f752f000 r--s 000d2000 08:07 5743821                    /home/neev/.m2/repository/org/liquibase/liquibase-core/2.0.5/liquibase-core-2.0.5.jar
7f85f752f000-7f85f7532000 r--s 0000f000 08:07 5743820                    /home/neev/.m2/repository/org/hibernate/hibernate-commons-annotations/3.2.0.Final/hibernate-commons-annotations-3.2.0.Final.jar
7f85f7532000-7f85f7533000 r--s 00000000 08:07 5743819                    /home/neev/.m2/repository/org/grails/grails-datastore-web/2.0.1.RELEASE/grails-datastore-web-2.0.1.RELEASE.jar
7f85f7533000-7f85f7535000 r--s 00009000 08:07 5743818                    /home/neev/.m2/repository/org/grails/grails-datastore-gorm-plugin-support/2.0.1.RELEASE/grails-datastore-gorm-plugin-support-2.0.1.RELEASE.jar
7f85f7535000-7f85f753f000 r--s 0005f000 08:07 5743906                    /home/neev/.m2/repository/org/hibernate/hibernate-entitymanager/3.6.10.Final/hibernate-entitymanager-3.6.10.Final.jar
7f85f753f000-7f85f7540000 r--s 00002000 08:07 5743816                    /home/neev/.m2/repository/org/hibernate/hibernate-ehcache/3.6.10.Final/hibernate-ehcache-3.6.10.Final.jar
7f85f7540000-7f85f7545000 r--s 00048000 08:07 5743815                    /home/neev/.m2/repository/dom4j/dom4j/1.6.1/dom4j-1.6.1.jar
7f85f7545000-7f85f754c000 r--s 00040000 08:07 5743814                    /home/neev/.m2/repository/org/hibernate/hibernate-validator/4.1.0.Final/hibernate-validator-4.1.0.Final.jar
7f85f754c000-7f85f7555000 r--s 00056000 08:07 5743813                    /home/neev/.m2/repository/org/springframework/spring-orm/3.2.3.RELEASE/spring-orm-3.2.3.RELEASE.jar
7f85f7555000-7f85f756a000 r--s 000e3000 08:07 5743812                    /home/neev/.m2/repository/net/sf/ehcache/ehcache-core/2.4.6/ehcache-core-2.4.6.jar
7f85f756a000-7f85f759c000 r--s 002c9000 08:07 5743811                    /home/neev/.m2/repository/org/hibernate/hibernate-core/3.6.10.Final/hibernate-core-3.6.10.Final.jar
7f85f759c000-7f85f759f000 r--s 00009000 08:07 5743810                    /home/neev/.m2/repository/javax/validation/validation-api/1.0.0.GA/validation-api-1.0.0.GA.jar
7f85f759f000-7f85f75a3000 r--s 00034000 08:07 5743809                    /home/neev/.m2/repository/org/grails/grails-datastore-gorm-hibernate-core/2.0.1.RELEASE/grails-datastore-gorm-hibernate-core-2.0.1.RELEASE.jar
7f85f75a3000-7f85f75a8000 r--s 00068000 08:07 5743808                    /home/neev/.m2/repository/antlr/antlr/2.7.7/antlr-2.7.7.jar
7f85f75a8000-7f85f75ae000 r--s 0004c000 08:07 5743905                    /home/neev/.m2/repository/org/grails/grails-datastore-gorm-hibernate/2.0.1.RELEASE/grails-datastore-gorm-hibernate-2.0.1.RELEASE.jar
7f85f75ae000-7f85f75b5000 r--s 00040000 08:07 5743806                    /home/neev/.m2/repository/cglib/cglib/2.2.2/cglib-2.2.2.jar
7f85f75b5000-7f85f75b7000 r--s 0000e000 08:07 5759931                    /home/neev/.m2/repository/javax/activation/activation/1.1/activation-1.1.jar
7f85f75b7000-7f85f75be000 r--s 0006a000 08:07 5759930                    /home/neev/.m2/repository/javax/mail/mail/1.4.3/mail-1.4.3.jar
7f85f75be000-7f85f75c6000 r--s 000c7000 08:07 5784973                    /home/neev/.m2/repository/mysql/mysql-connector-java/5.1.24/mysql-connector-java-5.1.24.jar
7f85f75c6000-7f85f75c8000 r--s 00023000 08:07 5743805                    /home/neev/.m2/repository/org/grails/grails-resources/2.3.0/grails-resources-2.3.0.jar
7f85f75c8000-7f85f75d1000 r--s 0006f000 08:07 5743911                    /home/neev/.m2/repository/log4j/log4j/1.2.17/log4j-1.2.17.jar
7f85f75d1000-7f85f75dc000 r--s 0015c000 08:07 5743803                    /home/neev/.m2/repository/com/h2database/h2/1.3.170/h2-1.3.170.jar
7f85f75dc000-7f85f75e1000 r--s 00046000 08:07 5743802                    /home/neev/.m2/repository/org/grails/grails-test/2.3.0/grails-test-2.3.0.jar
7f85f75e1000-7f85f75e2000 r--s 00003000 08:07 5743797                    /home/neev/.m2/repository/javax/transaction/jta/1.1/jta-1.1.jar
7f85f75e2000-7f85f75eb000 r--s 000a5000 08:07 5743796                    /home/neev/.m2/repository/org/javassist/javassist/3.17.1-GA/javassist-3.17.1-GA.jar
7f85f75eb000-7f85f75f6000 r--s 00051000 08:07 5743795                    /home/neev/.m2/repository/org/grails/grails-datastore-core/2.0.1.RELEASE/grails-datastore-core-2.0.1.RELEASE.jar
7f85f75f6000-7f85f75f7000 r--s 0000d000 08:07 5743794                    /home/neev/.m2/repository/org/grails/grails-plugin-mimetypes/2.3.0/grails-plugin-mimetypes-2.3.0.jar
7f85f75f7000-7f85f75fa000 r--s 00017000 08:07 5743793                    /home/neev/.m2/repository/org/grails/grails-plugin-domain-class/2.3.0/grails-plugin-domain-class-2.3.0.jar
7f85f75fa000-7f85f7603000 r--s 00074000 08:07 5743792                    /home/neev/.m2/repository/org/grails/grails-datastore-gorm/2.0.1.RELEASE/grails-datastore-gorm-2.0.1.RELEASE.jar
7f85f7603000-7f85f760e000 r--s 00065000 08:07 5743791                    /home/neev/.m2/repository/org/springframework/spring-test/3.2.4.RELEASE/spring-test-3.2.4.RELEASE.jar
7f85f760e000-7f85f7614000 r--s 0004c000 08:07 5743790                    /home/neev/.m2/repository/org/grails/grails-datastore-simple/2.0.1.RELEASE/grails-datastore-simple-2.0.1.RELEASE.jar
7f85f7614000-7f85f7618000 r--s 00021000 08:07 5743789                    /home/neev/.m2/repository/org/grails/grails-plugin-converters/2.3.0/grails-plugin-converters-2.3.0.jar
7f85f7618000-7f85f761f000 r--s 00065000 08:07 5743788                    /home/neev/.m2/repository/org/grails/grails-plugin-testing/2.3.0/grails-plugin-testing-2.3.0.jar
7f85f761f000-7f85f7621000 r--s 00012000 08:07 5743787                    /home/neev/.m2/repository/org/grails/grails-async/2.3.0/grails-async-2.3.0.jar
7f85f7621000-7f85f7622000 r--s 0000e000 08:07 5743786                    /home/neev/.m2/repository/org/codehaus/jsr166-mirror/jsr166y/1.7.0/jsr166y-1.7.0.jar
7f85f7622000-7f85f7628000 r--s 00037000 08:07 5743785                    /home/neev/.m2/repository/org/multiverse/multiverse-core/0.7.0/multiverse-core-0.7.0.jar
7f85f7628000-7f85f7644000 r--s 00134000 08:07 5743784                    /home/neev/.m2/repository/org/codehaus/gpars/gpars/1.1.0/gpars-1.1.0.jar
7f85f7644000-7f85f7646000 r--s 0000d000 08:07 5743783                    /home/neev/.m2/repository/org/grails/grails-plugin-async/2.3.0/grails-plugin-async-2.3.0.jar
7f85f7646000-7f85f7649000 r--s 0000b000 08:07 5743782                    /home/neev/.m2/repository/com/googlecode/concurrentlinkedhashmap/concurrentlinkedhashmap-lru/1.3.1/concurrentlinkedhashmap-lru-1.3.1.jar
7f85f7649000-7f85f764c000 r--s 00025000 08:07 5743781                    /home/neev/.m2/repository/commons-io/commons-io/2.1/commons-io-2.1.jar
7f85f764c000-7f85f764f000 r--s 00022000 08:07 5743780                    /home/neev/.m2/repository/org/grails/grails-plugin-url-mappings/2.3.0/grails-plugin-url-mappings-2.3.0.jar
7f85f764f000-7f85f7651000 r--s 00005000 08:07 5743779                    /home/neev/.m2/repository/org/grails/grails-plugin-servlets/2.3.0/grails-plugin-servlets-2.3.0.jar
7f85f7651000-7f85f7659000 r--s 00034000 08:07 5743778                    /home/neev/.m2/repository/org/springframework/spring-tx/3.2.4.RELEASE/spring-tx-3.2.4.RELEASE.jar
7f85f7659000-7f85f765a000 r--s 00009000 08:07 5743777                    /home/neev/.m2/repository/org/grails/grails-plugin-services/2.3.0/grails-plugin-services-2.3.0.jar
7f85f765a000-7f85f765b000 r--s 00001000 08:07 5743776                    /home/neev/.m2/repository/org/slf4j/jul-to-slf4j/1.7.5/jul-to-slf4j-1.7.5.jar
7f85f765b000-7f85f765d000 r--s 0000e000 08:07 5743775                    /home/neev/.m2/repository/org/grails/grails-plugin-log4j/2.3.0/grails-plugin-log4j-2.3.0.jar
7f85f765d000-7f85f765e000 r--s 00000000 08:07 5743774                    /home/neev/.m2/repository/org/grails/grails-logging/2.3.0/grails-logging-2.3.0.jar
7f85f765e000-7f85f7660000 r--s 00010000 08:07 5743773                    /home/neev/.m2/repository/commons-codec/commons-codec/1.5/commons-codec-1.5.jar
7f85f7660000-7f85f7662000 r--s 00014000 08:07 5743772                    /home/neev/.m2/repository/org/grails/grails-plugin-codecs/2.3.0/grails-plugin-codecs-2.3.0.jar
7f85f7662000-7f85f7669000 r--s 00064000 08:07 5743771                    /home/neev/.m2/repository/org/grails/grails-plugin-gsp/2.3.0/grails-plugin-gsp-2.3.0.jar
7f85f7669000-7f85f766b000 r--s 0000b000 08:07 5743770                    /home/neev/.m2/repository/org/grails/grails-plugin-filters/2.3.0/grails-plugin-filters-2.3.0.jar
7f85f766b000-7f85f766c000 r--s 00005000 08:07 5743769                    /home/neev/.m2/repository/org/grails/grails-plugin-i18n/2.3.0/grails-plugin-i18n-2.3.0.jar
7f85f766c000-7f85f7678000 r--s 00089000 08:07 5743768                    /home/neev/.m2/repository/org/springframework/spring-beans/3.2.4.RELEASE/spring-beans-3.2.4.RELEASE.jar
7f85f7678000-7f85f7686000 r--s 0008b000 08:07 5743767                    /home/neev/.m2/repository/org/springframework/spring-web/3.2.4.RELEASE/spring-web-3.2.4.RELEASE.jar
7f85f7686000-7f85f7689000 r--s 0001f000 08:07 5743766                    /home/neev/.m2/repository/commons-validator/commons-validator/1.3.1/commons-validator-1.3.1.jar
7f85f7689000-7f85f768e000 r--s 00015000 08:07 5743765                    /home/neev/.m2/repository/org/hibernate/javax/persistence/hibernate-jpa-2.0-api/1.0.1.Final/hibernate-jpa-2.0-api-1.0.1.Final.jar
7f85f768e000-7f85f7690000 r--s 00000000 08:07 5743764                    /home/neev/.m2/repository/aopalliance/aopalliance/1.0/aopalliance-1.0.jar
7f85f7690000-7f85f76a4000 r--s 000bf000 08:07 5743763                    /home/neev/.m2/repository/org/springframework/spring-context/3.2.4.RELEASE/spring-context-3.2.4.RELEASE.jar
7f85f76a4000-7f85f76ac000 r--s 0004a000 08:07 5743762                    /home/neev/.m2/repository/org/springframework/spring-aop/3.2.4.RELEASE/spring-aop-3.2.4.RELEASE.jar
7f85f76ac000-7f85f76b0000 r--s 0001c000 08:07 5743760                    /home/neev/.m2/repository/org/springframework/spring-context-support/3.2.4.RELEASE/spring-context-support-3.2.4.RELEASE.jar
7f85f76b0000-7f85f76c2000 r--s 000c3000 08:07 5743759                    /home/neev/.m2/repository/org/springframework/spring-core/3.2.4.RELEASE/spring-core-3.2.4.RELEASE.jar
7f85f76c2000-7f85f76c7000 r--s 0002c000 08:07 5743758                    /home/neev/.m2/repository/org/springframework/spring-expression/3.2.4.RELEASE/spring-expression-3.2.4.RELEASE.jar
7f85f76c7000-7f85f76cb000 r--s 00019000 08:07 5743757                    /home/neev/.m2/repository/org/aspectj/aspectjrt/1.7.2/aspectjrt-1.7.2.jar
7f85f76cb000-7f85f76cc000 r--s 0000a000 08:07 5743756                    /home/neev/.m2/repository/asm/asm/3.3.1/asm-3.3.1.jar
7f85f76cc000-7f85f76ce000 r--s 0000e000 08:07 5743755                    /home/neev/.m2/repository/oro/oro/2.0.8/oro-2.0.8.jar
7f85f76ce000-7f85f76e6000 r--s 001a7000 08:07 5743754                    /home/neev/.m2/repository/org/aspectj/aspectjweaver/1.7.2/aspectjweaver-1.7.2.jar
7f85f76e6000-7f85f76e8000 r--s 0000b000 08:07 5743753                    /home/neev/.m2/repository/org/springframework/spring-aspects/3.2.4.RELEASE/spring-aspects-3.2.4.RELEASE.jar
7f85f76e8000-7f85f76fa000 r--s 000de000 08:07 5743752                    /home/neev/.m2/repository/org/grails/grails-core/2.3.0/grails-core-2.3.0.jar
7f85f76fa000-7f85f76fb000 r--s 00005000 08:07 5743751                    /home/neev/.m2/repository/org/grails/grails-plugin-databinding/2.3.0/grails-plugin-databinding-2.3.0.jar
7f85f76fb000-7f85f76fd000 r--s 00008000 08:07 5743750                    /home/neev/.m2/repository/org/grails/grails-plugin-validation/2.3.0/grails-plugin-validation-2.3.0.jar
7f85f76fd000-7f85f7701000 r--s 00027000 08:07 5743749                    /home/neev/.m2/repository/org/grails/grails-plugin-controllers/2.3.0/grails-plugin-controllers-2.3.0.jar
7f85f7701000-7f85f7706000 r--s 0002a000 08:07 5743748                    /home/neev/.m2/repository/com/google/code/gson/gson/2.2.4/gson-2.2.4.jar
7f85f7706000-7f85f7708000 r--s 00009000 08:07 5743747                    /home/neev/.m2/repository/org/grails/grails-spring/2.3.0/grails-spring-2.3.0.jar
7f85f7708000-7f85f770a000 r--s 00008000 08:07 5743746                    /home/neev/.m2/repository/org/objenesis/objenesis/1.3/objenesis-1.3.jar
7f85f770a000-7f85f770f000 r--s 00034000 08:07 5743745                    /home/neev/.m2/repository/commons-beanutils/commons-beanutils/1.8.3/commons-beanutils-1.8.3.jar
7f85f770f000-7f85f7715000 r--s 00027000 08:07 5743744                    /home/neev/.m2/repository/opensymphony/sitemesh/2.4/sitemesh-2.4.jar
7f85f7715000-7f85f7721000 r--s 00090000 08:07 5743743                    /home/neev/.m2/repository/org/springframework/spring-webmvc/3.2.4.RELEASE/spring-webmvc-3.2.4.RELEASE.jar
7f85f7721000-7f85f7723000 r--s 00004000 08:07 5743742                    /home/neev/.m2/repository/javax/servlet/jstl/1.1.2/jstl-1.1.2.jar
7f85f7723000-7f85f7726000 r--s 00019000 08:07 5743741                    /home/neev/.m2/repository/commons-el/commons-el/1.0/commons-el-1.0.jar
7f85f7726000-7f85f7728000 r--s 00011000 08:07 5743738                    /home/neev/.m2/repository/org/grails/grails-databinding/2.3.0/grails-databinding-2.3.0.jar
7f85f7728000-7f85f772a000 r--s 00005000 08:07 5743736                    /home/neev/.m2/repository/xpp3/xpp3_min/1.1.4c/xpp3_min-1.1.4c.jar
7f85f772a000-7f85f772c000 r--s 0000d000 08:07 5743735                    /home/neev/.m2/repository/commons-fileupload/commons-fileupload/1.2.2/commons-fileupload-1.2.2.jar
7f85f772c000-7f85f7735000 r--s 00058000 08:07 5743904                    /home/neev/.m2/repository/taglibs/standard/1.1.2/standard-1.1.2.jar
7f85f7735000-7f85f7743000 r--s 0007f000 08:07 5743733                    /home/neev/.m2/repository/commons-collections/commons-collections/3.2.1/commons-collections-3.2.1.jar
7f85f7743000-7f85f7753000 r--s 000e9000 08:07 5743732                    /home/neev/.m2/repository/org/grails/grails-web/2.3.0/grails-web-2.3.0.jar
7f85f7753000-7f85f775c000 r--s 0005a000 08:07 5743731                    /home/neev/.m2/repository/org/springframework/spring-jdbc/3.2.4.RELEASE/spring-jdbc-3.2.4.RELEASE.jar
7f85f775c000-7f85f775f000 r--s 0001c000 08:07 5743730                    /home/neev/.m2/repository/org/apache/tomcat/tomcat-jdbc/7.0.42/tomcat-jdbc-7.0.42.jar
7f85f775f000-7f85f7761000 r--s 0000c000 08:07 5743729                    /home/neev/.m2/repository/org/grails/grails-plugin-datasource/2.3.0/grails-plugin-datasource-2.3.0.jar
7f85f7761000-7f85f7764000 r--s 00036000 08:07 5743728                    /home/neev/.m2/repository/org/grails/grails-plugin-rest/2.3.0/grails-plugin-rest-2.3.0.jar
7f85f7764000-7f85f77c7000 r--s 005b2000 08:07 5743727                    /home/neev/.m2/repository/org/codehaus/groovy/groovy-all/2.1.6/groovy-all-2.1.6.jar
7f85f77c7000-7f85f77e8000 r--s 0015a000 08:07 5743726                    /home/neev/.m2/repository/bouncycastle/bcprov-jdk14/138/bcprov-jdk14-138.jar
7f85f77e8000-7f85f77ec000 r--s 0002b000 08:07 5743725                    /home/neev/.m2/repository/bouncycastle/bcmail-jdk14/138/bcmail-jdk14-138.jar
7f85f77ec000-7f85f77f1000 r--s 00041000 08:07 5743724                    /home/neev/.m2/repository/commons-lang/commons-lang/2.6/commons-lang-2.6.jar
7f85f77f1000-7f85f77f5000 r--s 0001a000 08:07 5743723                    /home/neev/.m2/repository/org/grails/grails-gdoc-engine/1.0.1/grails-gdoc-engine-1.0.1.jar
7f85f77f5000-7f85f77fb000 r--s 00039000 08:07 5743903                    /home/neev/.m2/repository/org/yaml/snakeyaml/1.8/snakeyaml-1.8.jar
7f85f77fb000-7f85f780c000 r--s 000f7000 08:07 5743721                    /home/neev/.m2/repository/org/xhtmlrenderer/core-renderer/R8/core-renderer-R8.jar
7f85f780c000-7f85f780f000 r--s 00012000 08:07 5743708                    /home/neev/.m2/repository/javax/servlet/javax.servlet-api/3.0.1/javax.servlet-api-3.0.1.jar
7f85f780f000-7f85f7831000 r--s 0025c000 08:07 5742933                    /home/neev/.m2/repository/org/apache/tomcat/embed/tomcat-embed-core/7.0.42/tomcat-embed-core-7.0.42.jar
7f85f7831000-7f85f7841000 r--s 0019c000 08:07 5742932                    /home/neev/.m2/repository/org/eclipse/jdt/core/compiler/ecj/3.7.2/ecj-3.7.2.jar
7f85f7841000-7f85f7843000 r--s 00013000 08:07 5742931                    /home/neev/.m2/repository/org/apache/tomcat/embed/tomcat-embed-logging-log4j/7.0.42/tomcat-embed-logging-log4j-7.0.42.jar
7f85f7843000-7f85f784e000 r--s 000b8000 08:07 5742967                    /home/neev/.m2/repository/org/apache/tomcat/embed/tomcat-embed-jasper/7.0.42/tomcat-embed-jasper-7.0.42.jar
7f85f784e000-7f85f7850000 r--s 0000c000 08:07 5742929                    /home/neev/.m2/repository/org/apache/tomcat/tomcat-catalina-ant/7.0.42/tomcat-catalina-ant-7.0.42.jar
7f85f7850000-7f85f7856000 r--s 00036000 08:07 5742928                    /home/neev/.m2/repository/junit/junit/4.11/junit-4.11.jar
7f85f7856000-7f85f7858000 r--s 00009000 08:07 5742926                    /home/neev/.m2/repository/org/hamcrest/hamcrest-core/1.3/hamcrest-core-1.3.jar
7f85f7858000-7f85f7864000 r--s 00070000 08:07 5742966                    /home/neev/.m2/repository/org/spockframework/spock-core/0.7-groovy-2.0/spock-core-0.7-groovy-2.0.jar
7f85f7864000-7f85f786c000 r--s 000ae000 08:07 5742924                    /home/neev/.m2/repository/org/grails/grails-scripts/2.3.0/grails-scripts-2.3.0.jar
7f85f786c000-7f85f7871000 r--s 00050000 08:07 5742923                    /home/neev/.m2/repository/org/codehaus/gant/gant_groovy1.8/1.9.6/gant_groovy1.8-1.9.6.jar
7f85f7871000-7f85f7886000 r--s 00116000 08:07 5742922                    /home/neev/.m2/repository/org/apache/ivy/ivy/2.3.0/ivy-2.3.0.jar
7f85f7886000-7f85f7889000 r--s 00018000 08:07 5742921                    /home/neev/.m2/repository/org/apache/ant/ant-junit/1.8.4/ant-junit-1.8.4.jar
7f85f7889000-7f85f788c000 r--s 000cf000 08:07 5742920                    /home/neev/.m2/repository/net/java/dev/jna/jna/3.2.3/jna-3.2.3.jar
7f85f788c000-7f85f788d000 r--s 00001000 08:07 5742919                    /home/neev/.m2/repository/org/apache/ant/ant-trax/1.7.1/ant-trax-1.7.1.jar
7f85f788d000-7f85f788e000 r--s 00004000 08:07 5742918                    /home/neev/.m2/repository/org/apache/ant/ant-launcher/1.8.4/ant-launcher-1.8.4.jar
7f85f788e000-7f85f78ac000 r--s 001bd000 08:07 5742917                    /home/neev/.m2/repository/org/apache/ant/ant/1.8.4/ant-1.8.4.jar
7f85f78ac000-7f85f78ae000 r--s 00005000 08:07 5742916                    /home/neev/.m2/repository/org/slf4j/slf4j-api/1.7.5/slf4j-api-1.7.5.jar
7f85f78ae000-7f85f78b0000 r--s 00003000 08:07 5742915                    /home/neev/.m2/repository/org/slf4j/jcl-over-slf4j/1.7.5/jcl-over-slf4j-1.7.5.jar
7f85f78b0000-7f85f78b2000 r--s 00008000 08:07 5742914                    /home/neev/.m2/repository/org/fusesource/jansi/jansi/1.2.1/jansi-1.2.1.jar
7f85f78b2000-7f85f78b4000 r--s 00015000 08:07 5742913                    /home/neev/.m2/repository/jline/jline/1.0/jline-1.0.jar
7f85f78b4000-7f85f78c0000 r--s 000c5000 08:07 5743761                    /home/neev/.m2/repository/org/grails/grails-bootstrap/2.3.0/grails-bootstrap-2.3.0.jar
7f85f78c0000-7f85f78c3000 r--s 00041000 08:07 5742911                    /home/neev/.m2/repository/xalan/serializer/2.7.1/serializer-2.7.1.jar
7f85f78c3000-7f85f78c4000 r--p 00000000 00:00 0 
7f85f78c4000-7f85f78c7000 ---p 00000000 00:00 0 
7f85f78c7000-7f85f79c5000 rw-p 00000000 00:00 0                          [stack:3895]
7f85f79c5000-7f85f79da000 r-xp 00000000 08:07 5505903                    /usr/lib/jvm/jdk1.7.0_11/jre/lib/amd64/libnet.so
7f85f79da000-7f85f7bda000 ---p 00015000 08:07 5505903                    /usr/lib/jvm/jdk1.7.0_11/jre/lib/amd64/libnet.so
7f85f7bda000-7f85f7bdb000 rw-p 00015000 08:07 5505903                    /usr/lib/jvm/jdk1.7.0_11/jre/lib/amd64/libnet.so
7f85f7bdb000-7f85f7beb000 r-xp 00000000 08:07 5505939                    /usr/lib/jvm/jdk1.7.0_11/jre/lib/amd64/libnio.so
7f85f7beb000-7f85f7deb000 ---p 00010000 08:07 5505939                    /usr/lib/jvm/jdk1.7.0_11/jre/lib/amd64/libnio.so
7f85f7deb000-7f85f7dec000 rw-p 00010000 08:07 5505939                    /usr/lib/jvm/jdk1.7.0_11/jre/lib/amd64/libnio.so
7f85f7dec000-7f85f7df7000 r--s 0006d000 08:07 5660801                    /home/neev/Untitled Folder/grails-2.3.0/lib/org.sonatype.sisu/sisu-guice/jars/sisu-guice-3.0.3-no_aop.jar
7f85f7df7000-7f85f7df9000 r--s 00002000 08:07 5660791                    /home/neev/Untitled Folder/grails-2.3.0/lib/org.sonatype.plexus/plexus-cipher/jars/plexus-cipher-1.4.jar
7f85f7df9000-7f85f7e09000 r--s 000b2000 08:07 5660718                    /home/neev/Untitled Folder/grails-2.3.0/lib/org.jboss.netty/netty/jars/netty-3.2.5.Final.jar
7f85f7e09000-7f85f7e0f000 r--s 0003a000 08:07 5660807                    /home/neev/Untitled Folder/grails-2.3.0/lib/org.sonatype.sisu/sisu-inject-bean/jars/sisu-inject-bean-2.2.3.jar
7f85f7e0f000-7f85f7e11000 r--s 0000a000 08:07 5645396                    /home/neev/Untitled Folder/grails-2.3.0/lib/org.apache.maven/maven-settings/jars/maven-settings-3.0.4.jar
7f85f7e11000-7f85f7e13000 r--s 0000d000 08:07 5645480                    /home/neev/Untitled Folder/grails-2.3.0/lib/org.codehaus.plexus/plexus-interpolation/jars/plexus-interpolation-1.14.jar
7f85f7e13000-7f85f7e15000 r--s 00000000 08:07 5645475                    /home/neev/Untitled Folder/grails-2.3.0/lib/org.codehaus.plexus/plexus-component-annotations/jars/plexus-component-annotations-1.5.5.jar
7f85f7e15000-7f85f7e17000 r--s 00006000 08:07 5645391                    /home/neev/Untitled Folder/grails-2.3.0/lib/org.apache.maven/maven-repository-metadata/jars/maven-repository-metadata-3.0.4.jar
7f85f7e17000-7f85f7e1b000 r--s 00021000 08:07 5645386                    /home/neev/Untitled Folder/grails-2.3.0/lib/org.apache.maven/maven-model-builder/jars/maven-model-builder-3.0.4.jar
7f85f7e1b000-7f85f7e1d000 r--s 00026000 08:07 5645381                    /home/neev/Untitled Folder/grails-2.3.0/lib/org.apache.maven/maven-model/jars/maven-model-3.0.4.jar
7f85f7e1d000-7f85f7e32000 r-xp 00000000 08:07 827442                     /tmp/jna5836751829858489155.tmp
7f85f7e32000-7f85f7f31000 ---p 00015000 08:07 827442                     /tmp/jna5836751829858489155.tmp
7f85f7f31000-7f85f7f33000 rw-p 00014000 08:07 827442                     /tmp/jna5836751829858489155.tmp
7f85f7f33000-7f85f7f9d000 r--s 00e19000 08:07 5489634                    /usr/lib/jvm/jdk1.7.0_11/lib/tools.jar
7f85f7f9d000-7f85f8000000 r--s 005b2000 08:07 5645458                    /home/neev/Untitled Folder/grails-2.3.0/lib/org.codehaus.groovy/groovy-all/jars/groovy-all-2.1.6.jar
7f85f8000000-7f85f8021000 rw-p 00000000 00:00 0 
7f85f8021000-7f85fc000000 ---p 00000000 00:00 0 
7f85fc000000-7f85fc001000 r--s 00006000 08:07 5660796                    /home/neev/Untitled Folder/grails-2.3.0/lib/org.sonatype.plexus/plexus-sec-dispatcher/jars/plexus-sec-dispatcher-1.3.jar
7f85fc001000-7f85fc008000 r--s 0004d000 08:07 5645237                    /home/neev/Untitled Folder/grails-2.3.0/lib/com.ning/async-http-client/jars/async-http-client-1.6.5.jar
7f85fc008000-7f85fc00e000 r--s 0002c000 08:07 5660812                    /home/neev/Untitled Folder/grails-2.3.0/lib/org.sonatype.sisu/sisu-inject-plexus/jars/sisu-inject-plexus-2.2.3.jar
7f85fc00e000-7f85fc012000 r--s 00033000 08:07 5660677                    /home/neev/Untitled Folder/grails-2.3.0/lib/org.codehaus.plexus/plexus-utils/jars/plexus-utils-2.0.7.jar
7f85fc012000-7f85fc015000 ---p 00000000 00:00 0 
7f85fc015000-7f85fc04b000 rw-p 00000000 00:00 0                          [stack:3892]
7f85fc04b000-7f85fc04c000 ---p 00000000 00:00 0 
7f85fc04c000-7f85fc14c000 rw-p 00000000 00:00 0                          [stack:3890]
7f85fc14c000-7f85fc14f000 ---p 00000000 00:00 0 
7f85fc14f000-7f85fc24d000 rw-p 00000000 00:00 0                          [stack:3889]
7f85fc24d000-7f85fc250000 ---p 00000000 00:00 0 
7f85fc250000-7f85fc34e000 rw-p 00000000 00:00 0                          [stack:3888]
7f85fc34e000-7f85fc351000 ---p 00000000 00:00 0 
7f85fc351000-7f85fc44f000 rw-p 00000000 00:00 0                          [stack:3887]
7f85fc44f000-7f85fc452000 ---p 00000000 00:00 0 
7f85fc452000-7f85fc550000 rw-p 00000000 00:00 0                          [stack:3886]
7f85fc550000-7f85fcc31000 r--p 00000000 08:07 1714168                    /usr/lib/locale/locale-archive
7f85fcc31000-7f85fcc34000 ---p 00000000 00:00 0 
7f85fcc34000-7f85fcd32000 rw-p 00000000 00:00 0                          [stack:3885]
7f85fcd32000-7f85fcd35000 ---p 00000000 00:00 0 
7f85fcd35000-7f85fce33000 rw-p 00000000 00:00 0                          [stack:3884]
7f85fce33000-7f85fce34000 ---p 00000000 00:00 0 
7f85fce34000-7f85fde43000 rw-p 00000000 00:00 0                          [stack:3883]
7f85fde43000-7f85fe000000 r--s 039d3000 08:07 5505967                    /usr/lib/jvm/jdk1.7.0_11/jre/lib/rt.jar
7f85fe000000-7f8600000000 rw-p 00000000 00:00 0 
7f8600000000-7f8600021000 rw-p 00000000 00:00 0 
7f8600021000-7f8604000000 ---p 00000000 00:00 0 
7f8604000000-7f8604002000 r--s 0000a000 08:07 5645470                    /home/neev/Untitled Folder/grails-2.3.0/lib/org.codehaus.plexus/plexus-classworlds/jars/plexus-classworlds-2.4.jar
7f8604002000-7f8604004000 r--s 0000b000 08:07 5645407                    /home/neev/Untitled Folder/grails-2.3.0/lib/org.apache.maven.wagon/wagon-provider-api/jars/wagon-provider-api-1.0-beta-6.jar
7f8604004000-7f8604005000 r--s 00003000 08:07 5660780                    /home/neev/Untitled Folder/grails-2.3.0/lib/org.sonatype.aether/aether-spi/jars/aether-spi-1.13.1.jar
7f8604005000-7f8604006000 r--s 00002000 08:07 5660749                    /home/neev/Untitled Folder/grails-2.3.0/lib/org.slf4j/slf4j-simple/jars/slf4j-simple-1.7.5.jar
7f8604006000-7f8604009000 r--s 00008000 08:07 5645401                    /home/neev/Untitled Folder/grails-2.3.0/lib/org.apache.maven/maven-settings-builder/jars/maven-settings-builder-3.0.4.jar
7f8604009000-7f860400b000 r--s 0000c000 08:07 5645376                    /home/neev/Untitled Folder/grails-2.3.0/lib/org.apache.maven/maven-aether-provider/jars/maven-aether-provider-3.0.4.jar
7f860400b000-7f860400d000 r--s 0000b000 08:07 5660760                    /home/neev/Untitled Folder/grails-2.3.0/lib/org.sonatype.aether/aether-connector-asynchttpclient/jars/aether-connector-asynchttpclient-1.13.1.jar
7f860400d000-7f860400f000 r--s 00006000 08:07 5660770                    /home/neev/Untitled Folder/grails-2.3.0/lib/org.sonatype.aether/aether-connector-wagon/jars/aether-connector-wagon-1.13.1.jar
7f860400f000-7f8604010000 r--s 00005000 08:07 5660765                    /home/neev/Untitled Folder/grails-2.3.0/lib/org.sonatype.aether/aether-connector-file/jars/aether-connector-file-1.13.1.jar
7f8604010000-7f8604013000 r--s 0001d000 08:07 5660775                    /home/neev/Untitled Folder/grails-2.3.0/lib/org.sonatype.aether/aether-impl/jars/aether-impl-1.13.1.jar
7f8604013000-7f8604017000 r--s 0001c000 08:07 5660785                    /home/neev/Untitled Folder/grails-2.3.0/lib/org.sonatype.aether/aether-util/jars/aether-util-1.13.1.jar
7f8604017000-7f860401a000 r--s 00013000 08:07 5660755                    /home/neev/Untitled Folder/grails-2.3.0/lib/org.sonatype.aether/aether-api/jars/aether-api-1.13.1.jar
7f860401a000-7f860401c000 r--s 00003000 08:07 5660734                    /home/neev/Untitled Folder/grails-2.3.0/lib/org.slf4j/jcl-over-slf4j/jars/jcl-over-slf4j-1.7.5.jar
7f860401c000-7f860401e000 r--s 00005000 08:07 5660744                    /home/neev/Untitled Folder/grails-2.3.0/lib/org.slf4j/slf4j-api/jars/slf4j-api-1.7.5.jar
7f860401e000-7f860403c000 r--s 001bd000 08:07 5645356                    /home/neev/Untitled Folder/grails-2.3.0/lib/org.apache.ant/ant/jars/ant-1.8.4.jar
7f860403c000-7f8604051000 r--s 00116000 08:07 5645370                    /home/neev/Untitled Folder/grails-2.3.0/lib/org.apache.ivy/ivy/jars/ivy-2.3.0.jar
7f8604051000-7f86043c7000 rw-p 00000000 00:00 0 
7f86043c7000-7f86043c8000 ---p 00000000 00:00 0 
7f86043c8000-7f86044c8000 rw-p 00000000 00:00 0                          [stack:3882]
7f86044c8000-7f86044c9000 ---p 00000000 00:00 0 
7f86044c9000-7f86045c9000 rw-p 00000000 00:00 0                          [stack:3881]
7f86045c9000-7f86045ca000 ---p 00000000 00:00 0 
7f86045ca000-7f86046ca000 rw-p 00000000 00:00 0                          [stack:3880]
7f86046ca000-7f86046cb000 ---p 00000000 00:00 0 
7f86046cb000-7f86047eb000 rw-p 00000000 00:00 0                          [stack:3879]
7f86047eb000-7f860484b000 rw-p 00000000 00:00 0 
7f860484b000-7f8604873000 rw-p 00000000 00:00 0 
7f8604873000-7f860494b000 rw-p 00000000 00:00 0 
7f860494b000-7f86049cb000 rw-p 00000000 00:00 0 
7f86049cb000-7f86049cc000 rw-p 00000000 00:00 0 
7f86049cc000-7f860509c000 rwxp 00000000 00:00 0 
7f860509c000-7f86079cc000 rw-p 00000000 00:00 0 
7f86079cc000-7f86079e6000 r-xp 00000000 08:07 5505951                    /usr/lib/jvm/jdk1.7.0_11/jre/lib/amd64/libzip.so
7f86079e6000-7f8607be6000 ---p 0001a000 08:07 5505951                    /usr/lib/jvm/jdk1.7.0_11/jre/lib/amd64/libzip.so
7f8607be6000-7f8607be7000 rw-p 0001a000 08:07 5505951                    /usr/lib/jvm/jdk1.7.0_11/jre/lib/amd64/libzip.so
7f8607be7000-7f8607bf3000 r-xp 00000000 08:07 1074121                    /lib/x86_64-linux-gnu/libnss_files-2.17.so
7f8607bf3000-7f8607df2000 ---p 0000c000 08:07 1074121                    /lib/x86_64-linux-gnu/libnss_files-2.17.so
7f8607df2000-7f8607df3000 r--p 0000b000 08:07 1074121                    /lib/x86_64-linux-gnu/libnss_files-2.17.so
7f8607df3000-7f8607df4000 rw-p 0000c000 08:07 1074121                    /lib/x86_64-linux-gnu/libnss_files-2.17.so
7f8607df4000-7f8607dff000 r-xp 00000000 08:07 1074125                    /lib/x86_64-linux-gnu/libnss_nis-2.17.so
7f8607dff000-7f8607ffe000 ---p 0000b000 08:07 1074125                    /lib/x86_64-linux-gnu/libnss_nis-2.17.so
7f8607ffe000-7f8607fff000 r--p 0000a000 08:07 1074125                    /lib/x86_64-linux-gnu/libnss_nis-2.17.so
7f8607fff000-7f8608000000 rw-p 0000b000 08:07 1074125                    /lib/x86_64-linux-gnu/libnss_nis-2.17.so
7f8608000000-7f8609233000 rw-p 00000000 00:00 0 
7f8609233000-7f860c000000 ---p 00000000 00:00 0 
7f860c000000-7f860c004000 r--s 0008a000 08:07 5505974                    /usr/lib/jvm/jdk1.7.0_11/jre/lib/jsse.jar
7f860c004000-7f860c009000 r--s 00050000 08:07 5645446                    /home/neev/Untitled Folder/grails-2.3.0/lib/org.codehaus.gant/gant_groovy1.8/jars/gant_groovy1.8-1.9.6.jar
7f860c009000-7f860c09c000 rw-p 00000000 00:00 0 
7f860c09c000-7f860c0fc000 rw-p 00000000 00:00 0 
7f860c0fc000-7f860c124000 rw-p 00000000 00:00 0 
7f860c124000-7f860c1fc000 rw-p 00000000 00:00 0 
7f860c1fc000-7f860c213000 r-xp 00000000 08:07 1074115                    /lib/x86_64-linux-gnu/libnsl-2.17.so
7f860c213000-7f860c412000 ---p 00017000 08:07 1074115                    /lib/x86_64-linux-gnu/libnsl-2.17.so
7f860c412000-7f860c413000 r--p 00016000 08:07 1074115                    /lib/x86_64-linux-gnu/libnsl-2.17.so
7f860c413000-7f860c414000 rw-p 00017000 08:07 1074115                    /lib/x86_64-linux-gnu/libnsl-2.17.so
7f860c414000-7f860c416000 rw-p 00000000 00:00 0 
7f860c416000-7f860c41e000 r-xp 00000000 08:07 1074117                    /lib/x86_64-linux-gnu/libnss_compat-2.17.so
7f860c41e000-7f860c61d000 ---p 00008000 08:07 1074117                    /lib/x86_64-linux-gnu/libnss_compat-2.17.so
7f860c61d000-7f860c61e000 r--p 00007000 08:07 1074117                    /lib/x86_64-linux-gnu/libnss_compat-2.17.so
7f860c61e000-7f860c61f000 rw-p 00008000 08:07 1074117                    /lib/x86_64-linux-gnu/libnss_compat-2.17.so
7f860c61f000-7f860c648000 r-xp 00000000 08:07 5505936                    /usr/lib/jvm/jdk1.7.0_11/jre/lib/amd64/libjava.so
7f860c648000-7f860c848000 ---p 00029000 08:07 5505936                    /usr/lib/jvm/jdk1.7.0_11/jre/lib/amd64/libjava.so
7f860c848000-7f860c84a000 rw-p 00029000 08:07 5505936                    /usr/lib/jvm/jdk1.7.0_11/jre/lib/amd64/libjava.so
7f860c84a000-7f860c857000 r-xp 00000000 08:07 5505902                    /usr/lib/jvm/jdk1.7.0_11/jre/lib/amd64/libverify.so
7f860c857000-7f860ca56000 ---p 0000d000 08:07 5505902                    /usr/lib/jvm/jdk1.7.0_11/jre/lib/amd64/libverify.so
7f860ca56000-7f860ca58000 rw-p 0000c000 08:07 5505902                    /usr/lib/jvm/jdk1.7.0_11/jre/lib/amd64/libverify.so
7f860ca58000-7f860ca5f000 r-xp 00000000 08:07 1074168                    /lib/x86_64-linux-gnu/librt-2.17.so
7f860ca5f000-7f860cc5e000 ---p 00007000 08:07 1074168                    /lib/x86_64-linux-gnu/librt-2.17.so
7f860cc5e000-7f860cc5f000 r--p 00006000 08:07 1074168                    /lib/x86_64-linux-gnu/librt-2.17.so
7f860cc5f000-7f860cc60000 rw-p 00007000 08:07 1074168                    /lib/x86_64-linux-gnu/librt-2.17.so
7f860cc60000-7f860cd63000 r-xp 00000000 08:07 1074096                    /lib/x86_64-linux-gnu/libm-2.17.so
7f860cd63000-7f860cf63000 ---p 00103000 08:07 1074096                    /lib/x86_64-linux-gnu/libm-2.17.so
7f860cf63000-7f860cf64000 r--p 00103000 08:07 1074096                    /lib/x86_64-linux-gnu/libm-2.17.so
7f860cf64000-7f860cf65000 rw-p 00104000 08:07 1074096                    /lib/x86_64-linux-gnu/libm-2.17.so
7f860cf65000-7f860dac7000 r-xp 00000000 08:07 5505916                    /usr/lib/jvm/jdk1.7.0_11/jre/lib/amd64/server/libjvm.so
7f860dac7000-7f860dcc7000 ---p 00b62000 08:07 5505916                    /usr/lib/jvm/jdk1.7.0_11/jre/lib/amd64/server/libjvm.so
7f860dcc7000-7f860dd8a000 rw-p 00b62000 08:07 5505916                    /usr/lib/jvm/jdk1.7.0_11/jre/lib/amd64/server/libjvm.so
7f860dd8a000-7f860ddcb000 rw-p 00000000 00:00 0 
7f860ddcb000-7f860df89000 r-xp 00000000 08:07 1074048                    /lib/x86_64-linux-gnu/libc-2.17.so
7f860df89000-7f860e188000 ---p 001be000 08:07 1074048                    /lib/x86_64-linux-gnu/libc-2.17.so
7f860e188000-7f860e18c000 r--p 001bd000 08:07 1074048                    /lib/x86_64-linux-gnu/libc-2.17.so
7f860e18c000-7f860e18e000 rw-p 001c1000 08:07 1074048                    /lib/x86_64-linux-gnu/libc-2.17.so
7f860e18e000-7f860e193000 rw-p 00000000 00:00 0 
7f860e193000-7f860e196000 r-xp 00000000 08:07 1074063                    /lib/x86_64-linux-gnu/libdl-2.17.so
7f860e196000-7f860e395000 ---p 00003000 08:07 1074063                    /lib/x86_64-linux-gnu/libdl-2.17.so
7f860e395000-7f860e396000 r--p 00002000 08:07 1074063                    /lib/x86_64-linux-gnu/libdl-2.17.so
7f860e396000-7f860e397000 rw-p 00003000 08:07 1074063                    /lib/x86_64-linux-gnu/libdl-2.17.so
7f860e397000-7f860e3ad000 r-xp 00000000 08:07 5513220                    /usr/lib/jvm/jdk1.7.0_11/jre/lib/amd64/jli/libjli.so
7f860e3ad000-7f860e5ad000 ---p 00016000 08:07 5513220                    /usr/lib/jvm/jdk1.7.0_11/jre/lib/amd64/jli/libjli.so
7f860e5ad000-7f860e5ae000 rw-p 00016000 08:07 5513220                    /usr/lib/jvm/jdk1.7.0_11/jre/lib/amd64/jli/libjli.so
7f860e5ae000-7f860e5c6000 r-xp 00000000 08:07 1074160                    /lib/x86_64-linux-gnu/libpthread-2.17.so
7f860e5c6000-7f860e7c5000 ---p 00018000 08:07 1074160                    /lib/x86_64-linux-gnu/libpthread-2.17.so
7f860e7c5000-7f860e7c6000 r--p 00017000 08:07 1074160                    /lib/x86_64-linux-gnu/libpthread-2.17.so
7f860e7c6000-7f860e7c7000 rw-p 00018000 08:07 1074160                    /lib/x86_64-linux-gnu/libpthread-2.17.so
7f860e7c7000-7f860e7cb000 rw-p 00000000 00:00 0 
7f860e7cb000-7f860e7ee000 r-xp 00000000 08:07 1074024                    /lib/x86_64-linux-gnu/ld-2.17.so
7f860e7ee000-7f860e7f1000 r--s 0001b000 08:07 5661269                    /home/neev/Untitled Folder/grails-2.3.0/dist/grails-aether-2.3.0.jar
7f860e7f1000-7f860e7fd000 r--s 000c5000 08:07 5661311                    /home/neev/Untitled Folder/grails-2.3.0/dist/grails-bootstrap-2.3.0.jar
7f860e7fd000-7f860e82d000 rw-p 00000000 00:00 0 
7f860e82d000-7f860e8d1000 rw-p 00000000 00:00 0 
7f860e8d1000-7f860e8d4000 ---p 00000000 00:00 0 
7f860e8d4000-7f860e9d6000 rw-p 00000000 00:00 0                          [stack:3878]
7f860e9d6000-7f860e9d8000 r--s 00001000 08:07 5505395                    /usr/lib/jvm/jdk1.7.0_11/jre/lib/ext/dnsns.jar
7f860e9d8000-7f860e9da000 r--s 00009000 08:07 5645247                    /home/neev/Untitled Folder/grails-2.3.0/lib/commons-cli/commons-cli/jars/commons-cli-1.2.jar
7f860e9da000-7f860e9dd000 r--s 000cf000 08:07 5645347                    /home/neev/Untitled Folder/grails-2.3.0/lib/net.java.dev.jna/jna/jars/jna-3.2.3.jar
7f860e9dd000-7f860e9df000 r--s 00008000 08:07 5660682                    /home/neev/Untitled Folder/grails-2.3.0/lib/org.fusesource.jansi/jansi/jars/jansi-1.2.1.jar
7f860e9df000-7f860e9e1000 r--s 00015000 08:07 5645332                    /home/neev/Untitled Folder/grails-2.3.0/lib/jline/jline/jars/jline-1.0.jar
7f860e9e1000-7f860e9e9000 rw-s 00000000 08:07 876566                     /tmp/hsperfdata_neev/3866
7f860e9e9000-7f860e9ea000 rw-p 00000000 00:00 0 
7f860e9ea000-7f860e9eb000 ---p 00000000 00:00 0 
7f860e9eb000-7f860e9ed000 rw-p 00000000 00:00 0 
7f860e9ed000-7f860e9ee000 r--p 00022000 08:07 1074024                    /lib/x86_64-linux-gnu/ld-2.17.so
7f860e9ee000-7f860e9f0000 rw-p 00023000 08:07 1074024                    /lib/x86_64-linux-gnu/ld-2.17.so
7fffb8efc000-7fffb8f1d000 rw-p 00000000 00:00 0                          [stack]
7fffb8ffe000-7fffb9000000 r-xp 00000000 00:00 0                          [vdso]
ffffffffff600000-ffffffffff601000 r-xp 00000000 00:00 0                  [vsyscall]

VM Arguments:
jvm_args: -Xmx768M -Xms64M -XX:PermSize=32m -XX:MaxPermSize=256m -Dfile.encoding=UTF-8 -Djline.WindowsTerminal.directConsole=false -Dgrails.home=/home/neev/Untitled Folder/grails-2.3.0 -Dtools.jar=/usr/lib/jvm/jdk1.7.0_11/lib/tools.jar -Djava.net.preferIPv4Stack=true 
java_command: org.codehaus.groovy.grails.cli.support.GrailsStarter --main org.codehaus.groovy.grails.cli.GrailsScriptRunner --conf /home/neev/Untitled Folder/grails-2.3.0/conf/groovy-starter.conf --classpath   war
Launcher Type: SUN_STANDARD

Environment Variables:
JAVA_HOME=/usr/lib/jvm/jdk1.7.0_11
PATH=/usr/lib/lightdm/lightdm:/usr/local/sbin:/usr/local/bin:/usr/sbin:/usr/bin:/sbin:/bin:/usr/games:/usr/local/games
SHELL=/bin/bash
DISPLAY=:0.0

Signal Handlers:
SIGSEGV: [libjvm.so+0x992d50], sa_mask[0]=0x7ffbfeff, sa_flags=0x10000004
SIGBUS: [libjvm.so+0x992d50], sa_mask[0]=0x7ffbfeff, sa_flags=0x10000004
SIGFPE: [libjvm.so+0x80fb00], sa_mask[0]=0x7ffbfeff, sa_flags=0x10000004
SIGPIPE: [libjvm.so+0x80fb00], sa_mask[0]=0x7ffbfeff, sa_flags=0x10000004
SIGXFSZ: [libjvm.so+0x80fb00], sa_mask[0]=0x7ffbfeff, sa_flags=0x10000004
SIGILL: [libjvm.so+0x80fb00], sa_mask[0]=0x7ffbfeff, sa_flags=0x10000004
SIGUSR1: SIG_DFL, sa_mask[0]=0x00000000, sa_flags=0x00000000
SIGUSR2: [libjvm.so+0x810ff0], sa_mask[0]=0x00000004, sa_flags=0x10000004
SIGHUP: [libjvm.so+0x811f60], sa_mask[0]=0x7ffbfeff, sa_flags=0x10000004
SIGINT: SIG_IGN, sa_mask[0]=0x00000000, sa_flags=0x00000000
SIGTERM: [libjvm.so+0x811f60], sa_mask[0]=0x7ffbfeff, sa_flags=0x10000004
SIGQUIT: [libjvm.so+0x811f60], sa_mask[0]=0x7ffbfeff, sa_flags=0x10000004


---------------  S Y S T E M  ---------------

OS:wheezy/sid

uname:Linux 3.8.0-19-generic #29-Ubuntu SMP Wed Apr 17 18:16:28 UTC 2013 x86_64
libc:glibc 2.17 NPTL 2.17 
rlimit: STACK 8192k, CORE 0k, NPROC 23843, NOFILE 4096, AS infinity
load average:2.48 0.98 0.56

/proc/meminfo:
MemTotal:        3071064 kB
MemFree:           79772 kB
Buffers:            3060 kB
Cached:           238140 kB
SwapCached:        11612 kB
Active:          2251568 kB
Inactive:         584224 kB
Active(anon):    2224364 kB
Inactive(anon):   557500 kB
Active(file):      27204 kB
Inactive(file):    26724 kB
Unevictable:          48 kB
Mlocked:              48 kB
SwapTotal:       7813116 kB
SwapFree:        7553956 kB
Dirty:               420 kB
Writeback:             0 kB
AnonPages:       2583008 kB
Mapped:            63068 kB
Shmem:            187168 kB
Slab:              76420 kB
SReclaimable:      48832 kB
SUnreclaim:        27588 kB
KernelStack:        4920 kB
PageTables:        35872 kB
NFS_Unstable:          0 kB
Bounce:                0 kB
WritebackTmp:          0 kB
CommitLimit:     9348648 kB
Committed_AS:    6277552 kB
VmallocTotal:   34359738367 kB
VmallocUsed:      312984 kB
VmallocChunk:   34359421916 kB
HardwareCorrupted:     0 kB
AnonHugePages:         0 kB
HugePages_Total:       0
HugePages_Free:        0
HugePages_Rsvd:        0
HugePages_Surp:        0
Hugepagesize:       2048 kB
DirectMap4k:       43008 kB
DirectMap2M:     3092480 kB


CPU:total 4 (4 cores per cpu, 1 threads per core) family 6 model 23 stepping 10, cmov, cx8, fxsr, mmx, sse, sse2, sse3, ssse3, tsc

/proc/cpuinfo:
processor	: 0
vendor_id	: GenuineIntel
cpu family	: 6
model		: 23
model name	: 06/17
stepping	: 10
cpu MHz		: 2500.005
cache size	: 2048 KB
physical id	: 0
siblings	: 4
core id		: 0
cpu cores	: 4
apicid		: 0
initial apicid	: 0
fpu		: yes
fpu_exception	: yes
cpuid level	: 13
wp		: yes
flags		: fpu vme de pse tsc msr pae mce cx8 apic sep mtrr pge mca cmov pat pse36 clflush dts acpi mmx fxsr sse sse2 ss ht tm pbe syscall nx lm constant_tsc arch_perfmon pebs bts rep_good nopl aperfmperf pni tm2 ssse3 lahf_lm dtherm
bogomips	: 5000.01
clflush size	: 64
cache_alignment	: 64
address sizes	: 36 bits physical, 48 bits virtual
power management:

processor	: 1
vendor_id	: GenuineIntel
cpu family	: 6
model		: 23
model name	: 06/17
stepping	: 10
cpu MHz		: 2500.005
cache size	: 2048 KB
physical id	: 0
siblings	: 4
core id		: 1
cpu cores	: 4
apicid		: 1
initial apicid	: 1
fpu		: yes
fpu_exception	: yes
cpuid level	: 13
wp		: yes
flags		: fpu vme de pse tsc msr pae mce cx8 apic sep mtrr pge mca cmov pat pse36 clflush dts acpi mmx fxsr sse sse2 ss ht tm pbe syscall nx lm constant_tsc arch_perfmon pebs bts rep_good nopl aperfmperf pni tm2 ssse3 lahf_lm dtherm
bogomips	: 5000.01
clflush size	: 64
cache_alignment	: 64
address sizes	: 36 bits physical, 48 bits virtual
power management:

processor	: 2
vendor_id	: GenuineIntel
cpu family	: 6
model		: 23
model name	: 06/17
stepping	: 10
cpu MHz		: 2500.005
cache size	: 2048 KB
physical id	: 0
siblings	: 4
core id		: 2
cpu cores	: 4
apicid		: 2
initial apicid	: 2
fpu		: yes
fpu_exception	: yes
cpuid level	: 13
wp		: yes
flags		: fpu vme de pse tsc msr pae mce cx8 apic sep mtrr pge mca cmov pat pse36 clflush dts acpi mmx fxsr sse sse2 ss ht tm pbe syscall nx lm constant_tsc arch_perfmon pebs bts rep_good nopl aperfmperf pni tm2 ssse3 lahf_lm dtherm
bogomips	: 5000.01
clflush size	: 64
cache_alignment	: 64
address sizes	: 36 bits physical, 48 bits virtual
power management:

processor	: 3
vendor_id	: GenuineIntel
cpu family	: 6
model		: 23
model name	: 06/17
stepping	: 10
cpu MHz		: 2500.005
cache size	: 2048 KB
physical id	: 0
siblings	: 4
core id		: 3
cpu cores	: 4
apicid		: 3
initial apicid	: 3
fpu		: yes
fpu_exception	: yes
cpuid level	: 13
wp		: yes
flags		: fpu vme de pse tsc msr pae mce cx8 apic sep mtrr pge mca cmov pat pse36 clflush dts acpi mmx fxsr sse sse2 ss ht tm pbe syscall nx lm constant_tsc arch_perfmon pebs bts rep_good nopl aperfmperf pni tm2 ssse3 lahf_lm dtherm
bogomips	: 5000.01
clflush size	: 64
cache_alignment	: 64
address sizes	: 36 bits physical, 48 bits virtual
power management:



Memory: 4k page, physical 3071064k(79772k free), swap 7813116k(7553956k free)

vm_info: Java HotSpot(TM) 64-Bit Server VM (24.0-b56) for linux-amd64 JRE (1.7.0_40-b43), built on Aug 26 2013 23:53:33 by "java_re" with gcc 4.3.0 20080428 (Red Hat 4.3.0-8)

time: Sun Oct  6 15:12:54 2013
elapsed time: 50 seconds

