#
# A fatal error has been detected by the Java Runtime Environment:
#
#  SIGSEGV (0xb) at pc=0x00007fb469395911, pid=3380, tid=140412545115904
#
# JRE version: Java(TM) SE Runtime Environment (7.0_40-b43) (build 1.7.0_40-b43)
# Java VM: Java HotSpot(TM) 64-Bit Server VM (24.0-b56 mixed mode linux-amd64 compressed oops)
# Problematic frame:
# V  [libjvm.so+0x756911]  PhaseIdealLoop::build_loop_late(VectorSet&, Node_List&, Node_Stack&)+0xc1
#
# Failed to write core dump. Core dumps have been disabled. To enable core dumping, try "ulimit -c unlimited" before starting Java again
#
# If you would like to submit a bug report, please visit:
#   http://bugreport.sun.com/bugreport/crash.jsp
#

---------------  T H R E A D  ---------------

Current thread (0x00007fb46420d800):  JavaThread "C2 CompilerThread1" daemon [_thread_in_native, id=3393, stack(0x00007fb457cfa000,0x00007fb457dfb000)]

siginfo:si_signo=SIGSEGV: si_errno=0, si_code=128 (), si_addr=0x0000000000000000

Registers:
RAX=0x00007fb42f8a66e0, RBX=0x00007fb457df6030, RCX=0x0000000000000000, RDX=0x00007fb457df7560
RSP=0x00007fb457df5d50, RBP=0x00007fb457df5da0, RSI=0x0000000000000020, RDI=0x00007fb42f8aa238
R8 =0x20007fb42f8ab1f8, R9 =0x0000000000000001, R10=0x00007fb42d70e348, R11=0x00007fb469b3188e
R12=0x00007fb42f8a6670, R13=0x00007fb457df6070, R14=0x0000000000000001, R15=0x0000000000000021
RIP=0x00007fb469395911, EFLAGS=0x0000000000010202, CSGSFS=0x0000000000000033, ERR=0x0000000000000000
  TRAPNO=0x000000000000000d

Top of Stack: (sp=0x00007fb457df5d50)
0x00007fb457df5d50:   00007fb4000000c6 00007fb42f8aa238
0x00007fb457df5d60:   00007fb457df6050 00007fb457df7560
0x00007fb457df5d70:   00007fb457df7f00 0000000000000001
0x00007fb457df5d80:   00007fb4293f6b50 00007fb457df7560
0x00007fb457df5d90:   00007fb469a4b300 00007fb457df6050
0x00007fb457df5da0:   00007fb457df60c0 00007fb46939c410
0x00007fb457df5db0:   0000000000000000 00007fb42da18a80
0x00007fb457df5dc0:   00007fb457df6070 00007fb457df6030
0x00007fb457df5dd0:   01007fb457df5fa0 00007fb457df7580
0x00007fb457df5de0:   00007fb400000000 00007fb41480b530
0x00007fb457df5df0:   00007fb41480b580 00007fb414813518
0x00007fb457df5e00:   00007fb4642128f0 00000000000eff40
0x00007fb457df5e10:   00007fb4642128f0 0000007800000004
0x00007fb457df5e20:   00007fb42f333e40 00007fb400000000
0x00007fb457df5e30:   00007fb42da1cae8 00007fb42da1cb48
0x00007fb457df5e40:   0000000000000000 0000000000000000
0x00007fb457df5e50:   00000b4600002c58 0000009a00000100
0x00007fb457df5e60:   0000000000040040 0000000000001000
0x00007fb457df5e70:   0000000000000200 0000000000000040
0x00007fb457df5e80:   0000000000000008 0000000000000001
0x00007fb457df5e90:   0000103000004002 000000ae0000025b
0x00007fb457df5ea0:   0000007d0000007f 00007fb457df5ec0
0x00007fb457df5eb0:   0000000000000000 0000000000000000
0x00007fb457df5ec0:   0b007fb457df5ed0 0000000000040010
0x00007fb457df5ed0:   00007fb42c54cad0 00007fb42c000020
0x00007fb457df5ee0:   0000000000040010 0000000000040010
0x00007fb457df5ef0:   00007fb428090340 00007fb457df5f30
0x00007fb457df5f00:   0000000000040010 00007fb42c54cad0
0x00007fb457df5f10:   0000000000000000 0000000000000b00
0x00007fb457df5f20:   00007fb457df5f80 00007fb46944adef
0x00007fb457df5f30:   00007fb4293f6b50 00007fb457df6b30
0x00007fb457df5f40:   0000000000000000 00007fb457df6b30 

Instructions: (pc=0x00007fb469395911)
0x00007fb4693958f1:   45 31 f6 45 39 f1 0f 86 83 00 00 00 49 8b 44 24
0x00007fb469395901:   10 44 89 f2 41 83 c6 01 4c 8b 04 d0 48 8b 55 c8
0x00007fb469395911:   41 8b 48 28 3b 4a 28 0f 82 9a 00 00 00 49 83 78
0x00007fb469395921:   10 00 0f 84 a3 00 00 00 48 8b 4d c8 44 8b b9 b8 

Register to memory mapping:

RAX=0x00007fb42f8a66e0 is an unknown value
RBX=0x00007fb457df6030 is pointing into the stack for thread: 0x00007fb46420d800
RCX=0x0000000000000000 is an unknown value
RDX=0x00007fb457df7560 is pointing into the stack for thread: 0x00007fb46420d800
RSP=0x00007fb457df5d50 is pointing into the stack for thread: 0x00007fb46420d800
RBP=0x00007fb457df5da0 is pointing into the stack for thread: 0x00007fb46420d800
RSI=0x0000000000000020 is an unknown value
RDI=0x00007fb42f8aa238 is an unknown value
R8 =0x20007fb42f8ab1f8 is an unknown value
R9 =0x0000000000000001 is an unknown value
R10=0x00007fb42d70e348 is an unknown value
R11=0x00007fb469b3188e: <offset 0x8c88e> in /lib/x86_64-linux-gnu/libc.so.6 at 0x00007fb469aa5000
R12=0x00007fb42f8a6670 is an unknown value
R13=0x00007fb457df6070 is pointing into the stack for thread: 0x00007fb46420d800
R14=0x0000000000000001 is an unknown value
R15=0x0000000000000021 is an unknown value


Stack: [0x00007fb457cfa000,0x00007fb457dfb000],  sp=0x00007fb457df5d50,  free space=1007k
Native frames: (J=compiled Java code, j=interpreted, Vv=VM code, C=native code)
V  [libjvm.so+0x756911]  PhaseIdealLoop::build_loop_late(VectorSet&, Node_List&, Node_Stack&)+0xc1
V  [libjvm.so+0x75d410]  PhaseIdealLoop::build_and_optimize(bool, bool)+0x840
V  [libjvm.so+0x441498]  Compile::Optimize()+0x2e8
V  [libjvm.so+0x44579c]  Compile::Compile(ciEnv*, C2Compiler*, ciMethod*, int, bool, bool)+0x10ac
V  [libjvm.so+0x3afa46]  C2Compiler::compile_method(ciEnv*, ciMethod*, int)+0x176
V  [libjvm.so+0x44ba5e]  CompileBroker::invoke_compiler_on_method(CompileTask*)+0x33e
V  [libjvm.so+0x44c83d]  CompileBroker::compiler_thread_loop()+0x43d
V  [libjvm.so+0x94cb2f]  JavaThread::thread_main_inner()+0xdf
V  [libjvm.so+0x94cc35]  JavaThread::run()+0xf5
V  [libjvm.so+0x814a58]  java_start(Thread*)+0x108


Current CompileTask:
C2:  21885 1039             java.beans.Introspector::processPropertyDescriptors (699 bytes)


---------------  P R O C E S S  ---------------

Java Threads: ( => current thread )
  0x00007fb414bea000 JavaThread "net.sf.ehcache.CacheManager@22985e89" daemon [_thread_blocked, id=3446, stack(0x00007fb456afe000,0x00007fb456bff000)]
  0x00007fb414a1d800 JavaThread "Abandoned connection cleanup thread" daemon [_thread_blocked, id=3441, stack(0x00007fb456bff000,0x00007fb456d00000)]
  0x00007fb414a02800 JavaThread "PoolCleaner[1889170801:1381296473839]" daemon [_thread_blocked, id=3440, stack(0x00007fb456d00000,0x00007fb456e01000)]
  0x00007fb4142a3800 JavaThread "FileSystemWatcher: files=#144 cl=groovy.lang.GroovyClassLoader@709a7571" daemon [_thread_blocked, id=3426, stack(0x00007fb456e01000,0x00007fb456f02000)]
  0x00007fb410001800 JavaThread "localhost-startStop-1" daemon [_thread_in_vm, id=3403, stack(0x00007fb4570eb000,0x00007fb4571ec000)]
  0x00007fb46488b800 JavaThread "Tomcat-startStop-1" daemon [_thread_blocked, id=3402, stack(0x00007fb4571ec000,0x00007fb4572ed000)]
  0x00007fb4648fb000 JavaThread "Thread-2" [_thread_in_native, id=3401, stack(0x00007fb4579b1000,0x00007fb457ab2000)]
  0x00007fb464362800 JavaThread "process reaper" daemon [_thread_blocked, id=3397, stack(0x00007fb457abf000,0x00007fb457af8000)]
  0x00007fb46421d000 JavaThread "Service Thread" daemon [_thread_blocked, id=3394, stack(0x00007fb457bf9000,0x00007fb457cfa000)]
=>0x00007fb46420d800 JavaThread "C2 CompilerThread1" daemon [_thread_in_native, id=3393, stack(0x00007fb457cfa000,0x00007fb457dfb000)]
  0x00007fb464213000 JavaThread "C2 CompilerThread0" daemon [_thread_in_native, id=3392, stack(0x00007fb457dfb000,0x00007fb457efc000)]
  0x00007fb46414f800 JavaThread "Signal Dispatcher" daemon [_thread_blocked, id=3391, stack(0x00007fb45c032000,0x00007fb45c133000)]
  0x00007fb464139000 JavaThread "Finalizer" daemon [_thread_blocked, id=3390, stack(0x00007fb45c814000,0x00007fb45c915000)]
  0x00007fb464135000 JavaThread "Reference Handler" daemon [_thread_blocked, id=3389, stack(0x00007fb45c915000,0x00007fb45ca16000)]
  0x00007fb46400c000 JavaThread "main" [_thread_blocked, id=3381, stack(0x00007fb46a5ab000,0x00007fb46a6ac000)]

Other Threads:
  0x00007fb464132800 VMThread [stack: 0x00007fb45ca16000,0x00007fb45cb17000] [id=3388]
  0x00007fb464227800 WatcherThread [stack: 0x00007fb457af8000,0x00007fb457bf9000] [id=3395]

VM state:not at safepoint (normal execution)

VM Mutex/Monitor currently owned by a thread: None

Heap
 PSYoungGen      total 243200K, used 109543K [0x00000000f0000000, 0x0000000100000000, 0x0000000100000000)
  eden space 226304K, 41% used [0x00000000f0000000,0x00000000f5c7ce50,0x00000000fdd00000)
  from space 16896K, 87% used [0x00000000fdd00000,0x00000000feb7ce20,0x00000000fed80000)
  to   space 18944K, 0% used [0x00000000fed80000,0x00000000fed80000,0x0000000100000000)
 ParOldGen       total 95744K, used 58014K [0x00000000d0000000, 0x00000000d5d80000, 0x00000000f0000000)
  object space 95744K, 60% used [0x00000000d0000000,0x00000000d38a7810,0x00000000d5d80000)
 PSPermGen       total 72192K, used 53052K [0x00000000c0000000, 0x00000000c4680000, 0x00000000d0000000)
  object space 72192K, 73% used [0x00000000c0000000,0x00000000c33cf128,0x00000000c4680000)

Card table byte_map: [0x00007fb4603a8000,0x00007fb4605a9000] byte_map_base: 0x00007fb45fda8000

Polling page: 0x00007fb46a6c4000

Code Cache  [0x00007fb4605a9000, 0x00007fb460af9000, 0x00007fb4635a9000)
 total_blobs=1623 nmethods=964 adapters=611 free_code_cache=44048Kb largest_free_block=44782592

Compilation events (10 events):
Event: 21.730 Thread 0x00007fb464213000 nmethod 1047 0x00007fb4608c16d0 code [0x00007fb4608c1880, 0x00007fb4608c1ac0]
Event: 21.730 Thread 0x00007fb464213000 1048             org.codehaus.groovy.util.LockableObject::lock (25 bytes)
Event: 21.731 Thread 0x00007fb464213000 nmethod 1048 0x00007fb4608c1450 code [0x00007fb4608c15a0, 0x00007fb4608c1648]
Event: 21.731 Thread 0x00007fb464213000 1049             org.codehaus.groovy.util.LockableObject::unlock (7 bytes)
Event: 21.732 Thread 0x00007fb464213000 nmethod 1049 0x00007fb46084cc90 code [0x00007fb46084cde0, 0x00007fb46084ce98]
Event: 21.733 Thread 0x00007fb464213000 1050             org.codehaus.groovy.util.LockableObject::tryRelease (45 bytes)
Event: 21.734 Thread 0x00007fb464213000 nmethod 1050 0x00007fb46084ca10 code [0x00007fb46084cb40, 0x00007fb46084cbf8]
Event: 21.734 Thread 0x00007fb464213000 1051  s          java.util.Vector::size (5 bytes)
Event: 21.735 Thread 0x00007fb464213000 nmethod 1051 0x00007fb4609839d0 code [0x00007fb460983b00, 0x00007fb460983d18]
Event: 21.735 Thread 0x00007fb464213000 1052             groovy.lang.MetaClassImpl$1MOPIter::methodNameAction (482 bytes)

GC Heap History (10 events):
Event: 17.985 GC heap before
{Heap before GC invocations=25 (full 2):
 PSYoungGen      total 241664K, used 217856K [0x00000000f0000000, 0x0000000100000000, 0x0000000100000000)
  eden space 223232K, 96% used [0x00000000f0000000,0x00000000fd274cb0,0x00000000fda00000)
  from space 18432K, 12% used [0x00000000fec00000,0x00000000fee4b4f8,0x00000000ffe00000)
  to   space 18432K, 0% used [0x00000000fda00000,0x00000000fda00000,0x00000000fec00000)
 ParOldGen       total 95744K, used 56539K [0x00000000d0000000, 0x00000000d5d80000, 0x00000000f0000000)
  object space 95744K, 59% used [0x00000000d0000000,0x00000000d3736e18,0x00000000d5d80000)
 PSPermGen       total 72192K, used 45707K [0x00000000c0000000, 0x00000000c4680000, 0x00000000d0000000)
  object space 72192K, 63% used [0x00000000c0000000,0x00000000c2ca2f18,0x00000000c4680000)
Event: 17.995 GC heap after
Heap after GC invocations=25 (full 2):
 PSYoungGen      total 241664K, used 2897K [0x00000000f0000000, 0x0000000100000000, 0x0000000100000000)
  eden space 223232K, 0% used [0x00000000f0000000,0x00000000f0000000,0x00000000fda00000)
  from space 18432K, 15% used [0x00000000fda00000,0x00000000fdcd4688,0x00000000fec00000)
  to   space 18432K, 0% used [0x00000000fee00000,0x00000000fee00000,0x0000000100000000)
 ParOldGen       total 95744K, used 58006K [0x00000000d0000000, 0x00000000d5d80000, 0x00000000f0000000)
  object space 95744K, 60% used [0x00000000d0000000,0x00000000d38a5810,0x00000000d5d80000)
 PSPermGen       total 72192K, used 45707K [0x00000000c0000000, 0x00000000c4680000, 0x00000000d0000000)
  object space 72192K, 63% used [0x00000000c0000000,0x00000000c2ca2f18,0x00000000c4680000)
}
Event: 18.428 GC heap before
{Heap before GC invocations=26 (full 2):
 PSYoungGen      total 241664K, used 218913K [0x00000000f0000000, 0x0000000100000000, 0x0000000100000000)
  eden space 223232K, 96% used [0x00000000f0000000,0x00000000fd2f3e50,0x00000000fda00000)
  from space 18432K, 15% used [0x00000000fda00000,0x00000000fdcd4688,0x00000000fec00000)
  to   space 18432K, 0% used [0x00000000fee00000,0x00000000fee00000,0x0000000100000000)
 ParOldGen       total 95744K, used 58006K [0x00000000d0000000, 0x00000000d5d80000, 0x00000000f0000000)
  object space 95744K, 60% used [0x00000000d0000000,0x00000000d38a5810,0x00000000d5d80000)
 PSPermGen       total 72192K, used 46467K [0x00000000c0000000, 0x00000000c4680000, 0x00000000d0000000)
  object space 72192K, 64% used [0x00000000c0000000,0x00000000c2d60fc8,0x00000000c4680000)
Event: 18.434 GC heap after
Heap after GC invocations=26 (full 2):
 PSYoungGen      total 243712K, used 2278K [0x00000000f0000000, 0x0000000100000000, 0x0000000100000000)
  eden space 225280K, 0% used [0x00000000f0000000,0x00000000f0000000,0x00000000fdc00000)
  from space 18432K, 12% used [0x00000000fee00000,0x00000000ff039bb0,0x0000000100000000)
  to   space 18432K, 0% used [0x00000000fdc00000,0x00000000fdc00000,0x00000000fee00000)
 ParOldGen       total 95744K, used 58006K [0x00000000d0000000, 0x00000000d5d80000, 0x00000000f0000000)
  object space 95744K, 60% used [0x00000000d0000000,0x00000000d38a5810,0x00000000d5d80000)
 PSPermGen       total 72192K, used 46467K [0x00000000c0000000, 0x00000000c4680000, 0x00000000d0000000)
  object space 72192K, 64% used [0x00000000c0000000,0x00000000c2d60fc8,0x00000000c4680000)
}
Event: 18.993 GC heap before
{Heap before GC invocations=27 (full 2):
 PSYoungGen      total 243712K, used 227558K [0x00000000f0000000, 0x0000000100000000, 0x0000000100000000)
  eden space 225280K, 100% used [0x00000000f0000000,0x00000000fdc00000,0x00000000fdc00000)
  from space 18432K, 12% used [0x00000000fee00000,0x00000000ff039bb0,0x0000000100000000)
  to   space 18432K, 0% used [0x00000000fdc00000,0x00000000fdc00000,0x00000000fee00000)
 ParOldGen       total 95744K, used 58006K [0x00000000d0000000, 0x00000000d5d80000, 0x00000000f0000000)
  object space 95744K, 60% used [0x00000000d0000000,0x00000000d38a5810,0x00000000d5d80000)
 PSPermGen       total 72192K, used 48437K [0x00000000c0000000, 0x00000000c4680000, 0x00000000d0000000)
  object space 72192K, 67% used [0x00000000c0000000,0x00000000c2f4d5d8,0x00000000c4680000)
Event: 19.000 GC heap after
Heap after GC invocations=27 (full 2):
 PSYoungGen      total 228864K, used 3134K [0x00000000f0000000, 0x00000000fff00000, 0x0000000100000000)
  eden space 225280K, 0% used [0x00000000f0000000,0x00000000f0000000,0x00000000fdc00000)
  from space 3584K, 87% used [0x00000000fdc00000,0x00000000fdf0fbe0,0x00000000fdf80000)
  to   space 17920K, 0% used [0x00000000fed80000,0x00000000fed80000,0x00000000fff00000)
 ParOldGen       total 95744K, used 58006K [0x00000000d0000000, 0x00000000d5d80000, 0x00000000f0000000)
  object space 95744K, 60% used [0x00000000d0000000,0x00000000d38a5810,0x00000000d5d80000)
 PSPermGen       total 72192K, used 48437K [0x00000000c0000000, 0x00000000c4680000, 0x00000000d0000000)
  object space 72192K, 67% used [0x00000000c0000000,0x00000000c2f4d5d8,0x00000000c4680000)
}
Event: 19.943 GC heap before
{Heap before GC invocations=28 (full 2):
 PSYoungGen      total 228864K, used 228414K [0x00000000f0000000, 0x00000000fff00000, 0x0000000100000000)
  eden space 225280K, 100% used [0x00000000f0000000,0x00000000fdc00000,0x00000000fdc00000)
  from space 3584K, 87% used [0x00000000fdc00000,0x00000000fdf0fbe0,0x00000000fdf80000)
  to   space 17920K, 0% used [0x00000000fed80000,0x00000000fed80000,0x00000000fff00000)
 ParOldGen       total 95744K, used 58006K [0x00000000d0000000, 0x00000000d5d80000, 0x00000000f0000000)
  object space 95744K, 60% used [0x00000000d0000000,0x00000000d38a5810,0x00000000d5d80000)
 PSPermGen       total 72192K, used 50774K [0x00000000c0000000, 0x00000000c4680000, 0x00000000d0000000)
  object space 72192K, 70% used [0x00000000c0000000,0x00000000c3195840,0x00000000c4680000)
Event: 19.963 GC heap after
Heap after GC invocations=28 (full 2):
 PSYoungGen      total 244224K, used 7437K [0x00000000f0000000, 0x0000000100000000, 0x0000000100000000)
  eden space 226304K, 0% used [0x00000000f0000000,0x00000000f0000000,0x00000000fdd00000)
  from space 17920K, 41% used [0x00000000fed80000,0x00000000ff4c3580,0x00000000fff00000)
  to   space 16896K, 0% used [0x00000000fdd00000,0x00000000fdd00000,0x00000000fed80000)
 ParOldGen       total 95744K, used 58014K [0x00000000d0000000, 0x00000000d5d80000, 0x00000000f0000000)
  object space 95744K, 60% used [0x00000000d0000000,0x00000000d38a7810,0x00000000d5d80000)
 PSPermGen       total 72192K, used 50774K [0x00000000c0000000, 0x00000000c4680000, 0x00000000d0000000)
  object space 72192K, 70% used [0x00000000c0000000,0x00000000c3195840,0x00000000c4680000)
}
Event: 21.223 GC heap before
{Heap before GC invocations=29 (full 2):
 PSYoungGen      total 244224K, used 232485K [0x00000000f0000000, 0x0000000100000000, 0x0000000100000000)
  eden space 226304K, 99% used [0x00000000f0000000,0x00000000fdbc5fa0,0x00000000fdd00000)
  from space 17920K, 41% used [0x00000000fed80000,0x00000000ff4c3580,0x00000000fff00000)
  to   space 16896K, 0% used [0x00000000fdd00000,0x00000000fdd00000,0x00000000fed80000)
 ParOldGen       total 95744K, used 58014K [0x00000000d0000000, 0x00000000d5d80000, 0x00000000f0000000)
  object space 95744K, 60% used [0x00000000d0000000,0x00000000d38a7810,0x00000000d5d80000)
 PSPermGen       total 72192K, used 52614K [0x00000000c0000000, 0x00000000c4680000, 0x00000000d0000000)
  object space 72192K, 72% used [0x00000000c0000000,0x00000000c3361a50,0x00000000c4680000)
Event: 21.257 GC heap after
Heap after GC invocations=29 (full 2):
 PSYoungGen      total 243200K, used 14835K [0x00000000f0000000, 0x0000000100000000, 0x0000000100000000)
  eden space 226304K, 0% used [0x00000000f0000000,0x00000000f0000000,0x00000000fdd00000)
  from space 16896K, 87% used [0x00000000fdd00000,0x00000000feb7ce20,0x00000000fed80000)
  to   space 18944K, 0% used [0x00000000fed80000,0x00000000fed80000,0x0000000100000000)
 ParOldGen       total 95744K, used 58014K [0x00000000d0000000, 0x00000000d5d80000, 0x00000000f0000000)
  object space 95744K, 60% used [0x00000000d0000000,0x00000000d38a7810,0x00000000d5d80000)
 PSPermGen       total 72192K, used 52614K [0x00000000c0000000, 0x00000000c4680000, 0x00000000d0000000)
  object space 72192K, 72% used [0x00000000c0000000,0x00000000c3361a50,0x00000000c4680000)
}

Deoptimization events (10 events):
Event: 20.295 Thread 0x00007fb410001800 Uncommon trap: reason=bimorphic action=maybe_recompile pc=0x00007fb460921b50 method=java.util.AbstractList.listIterator()Ljava/util/ListIterator; @ 2
Event: 20.383 Thread 0x00007fb410001800 Uncommon trap: reason=bimorphic action=maybe_recompile pc=0x00007fb460921b50 method=java.util.AbstractList.listIterator()Ljava/util/ListIterator; @ 2
Event: 20.573 Thread 0x00007fb410001800 Uncommon trap: reason=bimorphic action=maybe_recompile pc=0x00007fb46091d990 method=java.util.ComparableTimSort.binarySort([Ljava/lang/Object;III)V @ 94
Event: 20.580 Thread 0x00007fb410001800 Uncommon trap: reason=unreached action=reinterpret pc=0x00007fb4607c6360 method=java.lang.Class.searchMethods([Ljava/lang/reflect/Method;Ljava/lang/String;[Ljava/lang/Class;)Ljava/lang/reflect/Method; @ 47
Event: 20.867 Thread 0x00007fb410001800 Uncommon trap: reason=class_check action=maybe_recompile pc=0x00007fb460941214 method=org.codehaus.groovy.runtime.metaclass.MetaMethodIndex.addMethodToList(Ljava/lang/Object;Lgroovy/lang/MetaMethod;)Ljava/lang/Object; @ 218
Event: 20.875 Thread 0x00007fb410001800 Uncommon trap: reason=unreached action=reinterpret pc=0x00007fb460940ff0 method=org.codehaus.groovy.runtime.metaclass.MetaMethodIndex.isNonRealMethod(Lgroovy/lang/MetaMethod;)Z @ 4
Event: 20.911 Thread 0x00007fb410001800 Uncommon trap: reason=bimorphic action=maybe_recompile pc=0x00007fb460931790 method=groovy.lang.MetaClassImpl$1MOPIter.methodNameAction(Ljava/lang/Class;Lorg/codehaus/groovy/runtime/metaclass/MetaMethodIndex$Entry;)V @ 62
Event: 20.911 Thread 0x00007fb410001800 Uncommon trap: reason=bimorphic action=maybe_recompile pc=0x00007fb460931790 method=groovy.lang.MetaClassImpl$1MOPIter.methodNameAction(Ljava/lang/Class;Lorg/codehaus/groovy/runtime/metaclass/MetaMethodIndex$Entry;)V @ 62
Event: 20.911 Thread 0x00007fb410001800 Uncommon trap: reason=bimorphic action=maybe_recompile pc=0x00007fb460931790 method=groovy.lang.MetaClassImpl$1MOPIter.methodNameAction(Ljava/lang/Class;Lorg/codehaus/groovy/runtime/metaclass/MetaMethodIndex$Entry;)V @ 62
Event: 20.911 Thread 0x00007fb410001800 Uncommon trap: reason=bimorphic action=maybe_recompile pc=0x00007fb460931790 method=groovy.lang.MetaClassImpl$1MOPIter.methodNameAction(Ljava/lang/Class;Lorg/codehaus/groovy/runtime/metaclass/MetaMethodIndex$Entry;)V @ 62

Internal exceptions (10 events):
Event: 21.872 Thread 0x00007fb410001800 Threw 0x00000000f5a04a70 at /HUDSON/workspace/jdk7u40-2-build-linux-amd64-product/jdk7u40/hotspot/src/share/vm/prims/jvm.cpp:1244
Event: 21.873 Thread 0x00007fb410001800 Threw 0x00000000f5a1c938 at /HUDSON/workspace/jdk7u40-2-build-linux-amd64-product/jdk7u40/hotspot/src/share/vm/prims/jvm.cpp:1244
Event: 21.873 Thread 0x00007fb410001800 Threw 0x00000000f5a20bb0 at /HUDSON/workspace/jdk7u40-2-build-linux-amd64-product/jdk7u40/hotspot/src/share/vm/prims/jvm.cpp:1244
Event: 21.873 Thread 0x00007fb410001800 Threw 0x00000000f5a34890 at /HUDSON/workspace/jdk7u40-2-build-linux-amd64-product/jdk7u40/hotspot/src/share/vm/prims/jvm.cpp:1244
Event: 21.873 Thread 0x00007fb410001800 Threw 0x00000000f5a5f5b8 at /HUDSON/workspace/jdk7u40-2-build-linux-amd64-product/jdk7u40/hotspot/src/share/vm/prims/jvm.cpp:1244
Event: 21.873 Thread 0x00007fb410001800 Threw 0x00000000f5a601f8 at /HUDSON/workspace/jdk7u40-2-build-linux-amd64-product/jdk7u40/hotspot/src/share/vm/classfile/systemDictionary.cpp:185
Event: 21.874 Thread 0x00007fb410001800 Threw 0x00000000f5a67a50 at /HUDSON/workspace/jdk7u40-2-build-linux-amd64-product/jdk7u40/hotspot/src/share/vm/prims/jvm.cpp:1244
Event: 21.874 Thread 0x00007fb410001800 Threw 0x00000000f5a6b578 at /HUDSON/workspace/jdk7u40-2-build-linux-amd64-product/jdk7u40/hotspot/src/share/vm/prims/jvm.cpp:1244
Event: 21.875 Thread 0x00007fb410001800 Threw 0x00000000f5a7b568 at /HUDSON/workspace/jdk7u40-2-build-linux-amd64-product/jdk7u40/hotspot/src/share/vm/prims/jvm.cpp:1244
Event: 21.876 Thread 0x00007fb410001800 Threw 0x00000000f5a80328 at /HUDSON/workspace/jdk7u40-2-build-linux-amd64-product/jdk7u40/hotspot/src/share/vm/prims/jvm.cpp:1244

Events (10 events):
Event: 21.872 loading class 0x00007fb414d03ca0
Event: 21.872 loading class 0x00007fb414d03ca0 done
Event: 21.873 loading class 0x00007fb414d03ca0
Event: 21.873 loading class 0x00007fb414d03ca0 done
Event: 21.873 loading class 0x00007fb414d03ca0
Event: 21.873 loading class 0x00007fb414d03ca0 done
Event: 21.874 loading class 0x00007fb414672f10
Event: 21.874 loading class 0x00007fb414672f10 done
Event: 21.875 loading class 0x00007fb414d03ef0
Event: 21.875 loading class 0x00007fb414d03ef0 done


Dynamic libraries:
00400000-00401000 r-xp 00000000 08:07 5505245                            /usr/lib/jvm/jdk1.7.0_11/bin/java
00600000-00601000 rw-p 00000000 08:07 5505245                            /usr/lib/jvm/jdk1.7.0_11/bin/java
00f38000-00f59000 rw-p 00000000 00:00 0                                  [heap]
c0000000-c4680000 rw-p 00000000 00:00 0 
c4680000-d0000000 rw-p 00000000 00:00 0 
d0000000-d5d80000 rw-p 00000000 00:00 0 
d5d80000-df300000 ---p 00000000 00:00 0 
df300000-f0000000 rw-p 00000000 00:00 0 
f0000000-100000000 rw-p 00000000 00:00 0 
7fb400000000-7fb400021000 rw-p 00000000 00:00 0 
7fb400021000-7fb404000000 ---p 00000000 00:00 0 
7fb404000000-7fb404021000 rw-p 00000000 00:00 0 
7fb404021000-7fb408000000 ---p 00000000 00:00 0 
7fb408000000-7fb408021000 rw-p 00000000 00:00 0 
7fb408021000-7fb40c000000 ---p 00000000 00:00 0 
7fb40c000000-7fb40c021000 rw-p 00000000 00:00 0 
7fb40c021000-7fb410000000 ---p 00000000 00:00 0 
7fb410000000-7fb410021000 rw-p 00000000 00:00 0 
7fb410021000-7fb414000000 ---p 00000000 00:00 0 
7fb414000000-7fb414d6a000 rw-p 00000000 00:00 0 
7fb414d6a000-7fb418000000 ---p 00000000 00:00 0 
7fb418000000-7fb418021000 rw-p 00000000 00:00 0 
7fb418021000-7fb41c000000 ---p 00000000 00:00 0 
7fb41c000000-7fb41c021000 rw-p 00000000 00:00 0 
7fb41c021000-7fb420000000 ---p 00000000 00:00 0 
7fb420000000-7fb420021000 rw-p 00000000 00:00 0 
7fb420021000-7fb424000000 ---p 00000000 00:00 0 
7fb424000000-7fb424021000 rw-p 00000000 00:00 0 
7fb424021000-7fb428000000 ---p 00000000 00:00 0 
7fb428000000-7fb42b346000 rw-p 00000000 00:00 0 
7fb42b346000-7fb42c000000 ---p 00000000 00:00 0 
7fb42c000000-7fb42fe9b000 rw-p 00000000 00:00 0 
7fb42fe9b000-7fb430000000 ---p 00000000 00:00 0 
7fb430000000-7fb43002f000 rw-p 00000000 00:00 0 
7fb43002f000-7fb434000000 ---p 00000000 00:00 0 
7fb434000000-7fb434021000 rw-p 00000000 00:00 0 
7fb434021000-7fb438000000 ---p 00000000 00:00 0 
7fb438000000-7fb43805a000 rw-p 00000000 00:00 0 
7fb43805a000-7fb43c000000 ---p 00000000 00:00 0 
7fb43c000000-7fb43c021000 rw-p 00000000 00:00 0 
7fb43c021000-7fb440000000 ---p 00000000 00:00 0 
7fb440000000-7fb440021000 rw-p 00000000 00:00 0 
7fb440021000-7fb444000000 ---p 00000000 00:00 0 
7fb448000000-7fb448021000 rw-p 00000000 00:00 0 
7fb448021000-7fb44c000000 ---p 00000000 00:00 0 
7fb450000000-7fb450023000 rw-p 00000000 00:00 0 
7fb450023000-7fb454000000 ---p 00000000 00:00 0 
7fb456afd000-7fb456afe000 rw-p 00000000 00:00 0 
7fb456afe000-7fb456b01000 ---p 00000000 00:00 0 
7fb456b01000-7fb456bff000 rw-p 00000000 00:00 0                          [stack:3446]
7fb456bff000-7fb456c02000 ---p 00000000 00:00 0 
7fb456c02000-7fb456d00000 rw-p 00000000 00:00 0                          [stack:3441]
7fb456d00000-7fb456d03000 ---p 00000000 00:00 0 
7fb456d03000-7fb456e01000 rw-p 00000000 00:00 0                          [stack:3440]
7fb456e01000-7fb456e04000 ---p 00000000 00:00 0 
7fb456e04000-7fb456f02000 rw-p 00000000 00:00 0                          [stack:3426]
7fb456f02000-7fb456f05000 r--s 00012000 08:07 5743708                    /home/neev/.m2/repository/javax/servlet/javax.servlet-api/3.0.1/javax.servlet-api-3.0.1.jar
7fb456f05000-7fb456f16000 r--s 000d2000 08:07 5743821                    /home/neev/.m2/repository/org/liquibase/liquibase-core/2.0.5/liquibase-core-2.0.5.jar
7fb456f16000-7fb456f19000 r--s 0000f000 08:07 5743820                    /home/neev/.m2/repository/org/hibernate/hibernate-commons-annotations/3.2.0.Final/hibernate-commons-annotations-3.2.0.Final.jar
7fb456f19000-7fb456f1a000 r--s 00000000 08:07 5743819                    /home/neev/.m2/repository/org/grails/grails-datastore-web/2.0.1.RELEASE/grails-datastore-web-2.0.1.RELEASE.jar
7fb456f1a000-7fb456f1c000 r--s 00009000 08:07 5743818                    /home/neev/.m2/repository/org/grails/grails-datastore-gorm-plugin-support/2.0.1.RELEASE/grails-datastore-gorm-plugin-support-2.0.1.RELEASE.jar
7fb456f1c000-7fb456f26000 r--s 0005f000 08:07 5743906                    /home/neev/.m2/repository/org/hibernate/hibernate-entitymanager/3.6.10.Final/hibernate-entitymanager-3.6.10.Final.jar
7fb456f26000-7fb456f27000 r--s 00002000 08:07 5743816                    /home/neev/.m2/repository/org/hibernate/hibernate-ehcache/3.6.10.Final/hibernate-ehcache-3.6.10.Final.jar
7fb456f27000-7fb456f2c000 r--s 00048000 08:07 5743815                    /home/neev/.m2/repository/dom4j/dom4j/1.6.1/dom4j-1.6.1.jar
7fb456f2c000-7fb456f33000 r--s 00040000 08:07 5743814                    /home/neev/.m2/repository/org/hibernate/hibernate-validator/4.1.0.Final/hibernate-validator-4.1.0.Final.jar
7fb456f33000-7fb456f3c000 r--s 00056000 08:07 5743813                    /home/neev/.m2/repository/org/springframework/spring-orm/3.2.3.RELEASE/spring-orm-3.2.3.RELEASE.jar
7fb456f3c000-7fb456f51000 r--s 000e3000 08:07 5743812                    /home/neev/.m2/repository/net/sf/ehcache/ehcache-core/2.4.6/ehcache-core-2.4.6.jar
7fb456f51000-7fb456f83000 r--s 002c9000 08:07 5743811                    /home/neev/.m2/repository/org/hibernate/hibernate-core/3.6.10.Final/hibernate-core-3.6.10.Final.jar
7fb456f83000-7fb456f86000 r--s 00009000 08:07 5743810                    /home/neev/.m2/repository/javax/validation/validation-api/1.0.0.GA/validation-api-1.0.0.GA.jar
7fb456f86000-7fb456f8a000 r--s 00034000 08:07 5743809                    /home/neev/.m2/repository/org/grails/grails-datastore-gorm-hibernate-core/2.0.1.RELEASE/grails-datastore-gorm-hibernate-core-2.0.1.RELEASE.jar
7fb456f8a000-7fb456f8f000 r--s 00068000 08:07 5743808                    /home/neev/.m2/repository/antlr/antlr/2.7.7/antlr-2.7.7.jar
7fb456f8f000-7fb456f95000 r--s 0004c000 08:07 5743905                    /home/neev/.m2/repository/org/grails/grails-datastore-gorm-hibernate/2.0.1.RELEASE/grails-datastore-gorm-hibernate-2.0.1.RELEASE.jar
7fb456f95000-7fb456f9c000 r--s 00040000 08:07 5743806                    /home/neev/.m2/repository/cglib/cglib/2.2.2/cglib-2.2.2.jar
7fb456f9c000-7fb456f9e000 r--s 0000e000 08:07 5759931                    /home/neev/.m2/repository/javax/activation/activation/1.1/activation-1.1.jar
7fb456f9e000-7fb456fa5000 r--s 0006a000 08:07 5759930                    /home/neev/.m2/repository/javax/mail/mail/1.4.3/mail-1.4.3.jar
7fb456fa5000-7fb456fad000 r--s 000c7000 08:07 5784973                    /home/neev/.m2/repository/mysql/mysql-connector-java/5.1.24/mysql-connector-java-5.1.24.jar
7fb456fad000-7fb456faf000 r--s 00023000 08:07 5743805                    /home/neev/.m2/repository/org/grails/grails-resources/2.3.0/grails-resources-2.3.0.jar
7fb456faf000-7fb456fba000 r--s 0015c000 08:07 5743803                    /home/neev/.m2/repository/com/h2database/h2/1.3.170/h2-1.3.170.jar
7fb456fba000-7fb456fc0000 r--s 00036000 08:07 5742928                    /home/neev/.m2/repository/junit/junit/4.11/junit-4.11.jar
7fb456fc0000-7fb456fc2000 r--s 00009000 08:07 5742926                    /home/neev/.m2/repository/org/hamcrest/hamcrest-core/1.3/hamcrest-core-1.3.jar
7fb456fc2000-7fb456fc3000 r--s 00003000 08:07 5743797                    /home/neev/.m2/repository/javax/transaction/jta/1.1/jta-1.1.jar
7fb456fc3000-7fb456fcc000 r--s 000a5000 08:07 5743796                    /home/neev/.m2/repository/org/javassist/javassist/3.17.1-GA/javassist-3.17.1-GA.jar
7fb456fcc000-7fb456fd7000 r--s 00051000 08:07 5743795                    /home/neev/.m2/repository/org/grails/grails-datastore-core/2.0.1.RELEASE/grails-datastore-core-2.0.1.RELEASE.jar
7fb456fd7000-7fb456fd8000 r--s 0000d000 08:07 5743794                    /home/neev/.m2/repository/org/grails/grails-plugin-mimetypes/2.3.0/grails-plugin-mimetypes-2.3.0.jar
7fb456fd8000-7fb456fdb000 r--s 00017000 08:07 5743793                    /home/neev/.m2/repository/org/grails/grails-plugin-domain-class/2.3.0/grails-plugin-domain-class-2.3.0.jar
7fb456fdb000-7fb456fe4000 r--s 00074000 08:07 5743792                    /home/neev/.m2/repository/org/grails/grails-datastore-gorm/2.0.1.RELEASE/grails-datastore-gorm-2.0.1.RELEASE.jar
7fb456fe4000-7fb456fef000 r--s 00065000 08:07 5743791                    /home/neev/.m2/repository/org/springframework/spring-test/3.2.4.RELEASE/spring-test-3.2.4.RELEASE.jar
7fb456fef000-7fb456ff5000 r--s 0004c000 08:07 5743790                    /home/neev/.m2/repository/org/grails/grails-datastore-simple/2.0.1.RELEASE/grails-datastore-simple-2.0.1.RELEASE.jar
7fb456ff5000-7fb456ff9000 r--s 00021000 08:07 5743789                    /home/neev/.m2/repository/org/grails/grails-plugin-converters/2.3.0/grails-plugin-converters-2.3.0.jar
7fb456ff9000-7fb456ffb000 r--s 00012000 08:07 5743787                    /home/neev/.m2/repository/org/grails/grails-async/2.3.0/grails-async-2.3.0.jar
7fb456ffb000-7fb456ffc000 r--s 0000e000 08:07 5743786                    /home/neev/.m2/repository/org/codehaus/jsr166-mirror/jsr166y/1.7.0/jsr166y-1.7.0.jar
7fb456ffc000-7fb457002000 r--s 00037000 08:07 5743785                    /home/neev/.m2/repository/org/multiverse/multiverse-core/0.7.0/multiverse-core-0.7.0.jar
7fb457002000-7fb45701e000 r--s 00134000 08:07 5743784                    /home/neev/.m2/repository/org/codehaus/gpars/gpars/1.1.0/gpars-1.1.0.jar
7fb45701e000-7fb457020000 r--s 0000d000 08:07 5743783                    /home/neev/.m2/repository/org/grails/grails-plugin-async/2.3.0/grails-plugin-async-2.3.0.jar
7fb457020000-7fb457023000 r--s 0000b000 08:07 5743782                    /home/neev/.m2/repository/com/googlecode/concurrentlinkedhashmap/concurrentlinkedhashmap-lru/1.3.1/concurrentlinkedhashmap-lru-1.3.1.jar
7fb457023000-7fb457026000 r--s 00025000 08:07 5743781                    /home/neev/.m2/repository/commons-io/commons-io/2.1/commons-io-2.1.jar
7fb457026000-7fb457029000 r--s 00022000 08:07 5743780                    /home/neev/.m2/repository/org/grails/grails-plugin-url-mappings/2.3.0/grails-plugin-url-mappings-2.3.0.jar
7fb457029000-7fb45702b000 r--s 00005000 08:07 5743779                    /home/neev/.m2/repository/org/grails/grails-plugin-servlets/2.3.0/grails-plugin-servlets-2.3.0.jar
7fb45702b000-7fb457033000 r--s 00034000 08:07 5743778                    /home/neev/.m2/repository/org/springframework/spring-tx/3.2.4.RELEASE/spring-tx-3.2.4.RELEASE.jar
7fb457033000-7fb457034000 r--s 00009000 08:07 5743777                    /home/neev/.m2/repository/org/grails/grails-plugin-services/2.3.0/grails-plugin-services-2.3.0.jar
7fb457034000-7fb457035000 r--s 00001000 08:07 5743776                    /home/neev/.m2/repository/org/slf4j/jul-to-slf4j/1.7.5/jul-to-slf4j-1.7.5.jar
7fb457035000-7fb457036000 r--s 00000000 08:07 5743774                    /home/neev/.m2/repository/org/grails/grails-logging/2.3.0/grails-logging-2.3.0.jar
7fb457036000-7fb457038000 r--s 00010000 08:07 5743773                    /home/neev/.m2/repository/commons-codec/commons-codec/1.5/commons-codec-1.5.jar
7fb457038000-7fb45703a000 r--s 00014000 08:07 5743772                    /home/neev/.m2/repository/org/grails/grails-plugin-codecs/2.3.0/grails-plugin-codecs-2.3.0.jar
7fb45703a000-7fb457041000 r--s 00064000 08:07 5743771                    /home/neev/.m2/repository/org/grails/grails-plugin-gsp/2.3.0/grails-plugin-gsp-2.3.0.jar
7fb457041000-7fb457043000 r--s 0000b000 08:07 5743770                    /home/neev/.m2/repository/org/grails/grails-plugin-filters/2.3.0/grails-plugin-filters-2.3.0.jar
7fb457043000-7fb457044000 r--s 00005000 08:07 5743769                    /home/neev/.m2/repository/org/grails/grails-plugin-i18n/2.3.0/grails-plugin-i18n-2.3.0.jar
7fb457044000-7fb457050000 r--s 00089000 08:07 5743768                    /home/neev/.m2/repository/org/springframework/spring-beans/3.2.4.RELEASE/spring-beans-3.2.4.RELEASE.jar
7fb457050000-7fb45705e000 r--s 0008b000 08:07 5743767                    /home/neev/.m2/repository/org/springframework/spring-web/3.2.4.RELEASE/spring-web-3.2.4.RELEASE.jar
7fb45705e000-7fb457061000 r--s 0001f000 08:07 5743766                    /home/neev/.m2/repository/commons-validator/commons-validator/1.3.1/commons-validator-1.3.1.jar
7fb457061000-7fb457066000 r--s 00015000 08:07 5743765                    /home/neev/.m2/repository/org/hibernate/javax/persistence/hibernate-jpa-2.0-api/1.0.1.Final/hibernate-jpa-2.0-api-1.0.1.Final.jar
7fb457066000-7fb457068000 r--s 00000000 08:07 5743764                    /home/neev/.m2/repository/aopalliance/aopalliance/1.0/aopalliance-1.0.jar
7fb457068000-7fb45707c000 r--s 000bf000 08:07 5743763                    /home/neev/.m2/repository/org/springframework/spring-context/3.2.4.RELEASE/spring-context-3.2.4.RELEASE.jar
7fb45707c000-7fb457084000 r--s 0004a000 08:07 5743762                    /home/neev/.m2/repository/org/springframework/spring-aop/3.2.4.RELEASE/spring-aop-3.2.4.RELEASE.jar
7fb457084000-7fb457088000 r--s 0001c000 08:07 5743760                    /home/neev/.m2/repository/org/springframework/spring-context-support/3.2.4.RELEASE/spring-context-support-3.2.4.RELEASE.jar
7fb457088000-7fb45709a000 r--s 000c3000 08:07 5743759                    /home/neev/.m2/repository/org/springframework/spring-core/3.2.4.RELEASE/spring-core-3.2.4.RELEASE.jar
7fb45709a000-7fb45709f000 r--s 0002c000 08:07 5743758                    /home/neev/.m2/repository/org/springframework/spring-expression/3.2.4.RELEASE/spring-expression-3.2.4.RELEASE.jar
7fb45709f000-7fb4570a3000 r--s 00019000 08:07 5743757                    /home/neev/.m2/repository/org/aspectj/aspectjrt/1.7.2/aspectjrt-1.7.2.jar
7fb4570a3000-7fb4570a4000 r--s 0000a000 08:07 5743756                    /home/neev/.m2/repository/asm/asm/3.3.1/asm-3.3.1.jar
7fb4570a4000-7fb4570a7000 r--s 00041000 08:07 5742911                    /home/neev/.m2/repository/xalan/serializer/2.7.1/serializer-2.7.1.jar
7fb4570a7000-7fb4570a9000 r--s 0000e000 08:07 5743755                    /home/neev/.m2/repository/oro/oro/2.0.8/oro-2.0.8.jar
7fb4570a9000-7fb4570c1000 r--s 001a7000 08:07 5743754                    /home/neev/.m2/repository/org/aspectj/aspectjweaver/1.7.2/aspectjweaver-1.7.2.jar
7fb4570c1000-7fb4570c3000 r--s 0000b000 08:07 5743753                    /home/neev/.m2/repository/org/springframework/spring-aspects/3.2.4.RELEASE/spring-aspects-3.2.4.RELEASE.jar
7fb4570c3000-7fb4570d5000 r--s 000de000 08:07 5743752                    /home/neev/.m2/repository/org/grails/grails-core/2.3.0/grails-core-2.3.0.jar
7fb4570d5000-7fb4570d7000 r--s 00008000 08:07 5743750                    /home/neev/.m2/repository/org/grails/grails-plugin-validation/2.3.0/grails-plugin-validation-2.3.0.jar
7fb4570d7000-7fb4570db000 r--s 00027000 08:07 5743749                    /home/neev/.m2/repository/org/grails/grails-plugin-controllers/2.3.0/grails-plugin-controllers-2.3.0.jar
7fb4570db000-7fb4570e0000 r--s 0002a000 08:07 5743748                    /home/neev/.m2/repository/com/google/code/gson/gson/2.2.4/gson-2.2.4.jar
7fb4570e0000-7fb4570e5000 r--s 00034000 08:07 5743745                    /home/neev/.m2/repository/commons-beanutils/commons-beanutils/1.8.3/commons-beanutils-1.8.3.jar
7fb4570e5000-7fb4570eb000 r--s 00027000 08:07 5743744                    /home/neev/.m2/repository/opensymphony/sitemesh/2.4/sitemesh-2.4.jar
7fb4570eb000-7fb4570ee000 ---p 00000000 00:00 0 
7fb4570ee000-7fb4571ec000 rw-p 00000000 00:00 0                          [stack:3403]
7fb4571ec000-7fb4571ef000 ---p 00000000 00:00 0 
7fb4571ef000-7fb4572ed000 rw-p 00000000 00:00 0                          [stack:3402]
7fb4572ed000-7fb457302000 r-xp 00000000 08:07 5505903                    /usr/lib/jvm/jdk1.7.0_11/jre/lib/amd64/libnet.so
7fb457302000-7fb457502000 ---p 00015000 08:07 5505903                    /usr/lib/jvm/jdk1.7.0_11/jre/lib/amd64/libnet.so
7fb457502000-7fb457503000 rw-p 00015000 08:07 5505903                    /usr/lib/jvm/jdk1.7.0_11/jre/lib/amd64/libnet.so
7fb457503000-7fb457513000 r-xp 00000000 08:07 5505939                    /usr/lib/jvm/jdk1.7.0_11/jre/lib/amd64/libnio.so
7fb457513000-7fb457713000 ---p 00010000 08:07 5505939                    /usr/lib/jvm/jdk1.7.0_11/jre/lib/amd64/libnio.so
7fb457713000-7fb457714000 rw-p 00010000 08:07 5505939                    /usr/lib/jvm/jdk1.7.0_11/jre/lib/amd64/libnio.so
7fb457714000-7fb457716000 r--s 00009000 08:07 5743747                    /home/neev/.m2/repository/org/grails/grails-spring/2.3.0/grails-spring-2.3.0.jar
7fb457716000-7fb457718000 r--s 00008000 08:07 5743746                    /home/neev/.m2/repository/org/objenesis/objenesis/1.3/objenesis-1.3.jar
7fb457718000-7fb457724000 r--s 00090000 08:07 5743743                    /home/neev/.m2/repository/org/springframework/spring-webmvc/3.2.4.RELEASE/spring-webmvc-3.2.4.RELEASE.jar
7fb457724000-7fb457726000 r--s 00004000 08:07 5743742                    /home/neev/.m2/repository/javax/servlet/jstl/1.1.2/jstl-1.1.2.jar
7fb457726000-7fb457729000 r--s 00019000 08:07 5743741                    /home/neev/.m2/repository/commons-el/commons-el/1.0/commons-el-1.0.jar
7fb457729000-7fb45772b000 r--s 00011000 08:07 5743738                    /home/neev/.m2/repository/org/grails/grails-databinding/2.3.0/grails-databinding-2.3.0.jar
7fb45772b000-7fb45772d000 r--s 00005000 08:07 5743736                    /home/neev/.m2/repository/xpp3/xpp3_min/1.1.4c/xpp3_min-1.1.4c.jar
7fb45772d000-7fb45772f000 r--s 0000d000 08:07 5743735                    /home/neev/.m2/repository/commons-fileupload/commons-fileupload/1.2.2/commons-fileupload-1.2.2.jar
7fb45772f000-7fb457738000 r--s 00058000 08:07 5743904                    /home/neev/.m2/repository/taglibs/standard/1.1.2/standard-1.1.2.jar
7fb457738000-7fb457746000 r--s 0007f000 08:07 5743733                    /home/neev/.m2/repository/commons-collections/commons-collections/3.2.1/commons-collections-3.2.1.jar
7fb457746000-7fb457756000 r--s 000e9000 08:07 5743732                    /home/neev/.m2/repository/org/grails/grails-web/2.3.0/grails-web-2.3.0.jar
7fb457756000-7fb45775f000 r--s 0005a000 08:07 5743731                    /home/neev/.m2/repository/org/springframework/spring-jdbc/3.2.4.RELEASE/spring-jdbc-3.2.4.RELEASE.jar
7fb45775f000-7fb457762000 r--s 0001c000 08:07 5743730                    /home/neev/.m2/repository/org/apache/tomcat/tomcat-jdbc/7.0.42/tomcat-jdbc-7.0.42.jar
7fb457762000-7fb457764000 r--s 0000c000 08:07 5743729                    /home/neev/.m2/repository/org/grails/grails-plugin-datasource/2.3.0/grails-plugin-datasource-2.3.0.jar
7fb457764000-7fb457785000 r--s 0015a000 08:07 5743726                    /home/neev/.m2/repository/bouncycastle/bcprov-jdk14/138/bcprov-jdk14-138.jar
7fb457785000-7fb457789000 r--s 0002b000 08:07 5743725                    /home/neev/.m2/repository/bouncycastle/bcmail-jdk14/138/bcmail-jdk14-138.jar
7fb457789000-7fb45778e000 r--s 00041000 08:07 5743724                    /home/neev/.m2/repository/commons-lang/commons-lang/2.6/commons-lang-2.6.jar
7fb45778e000-7fb457792000 r--s 0001a000 08:07 5743723                    /home/neev/.m2/repository/org/grails/grails-gdoc-engine/1.0.1/grails-gdoc-engine-1.0.1.jar
7fb457792000-7fb457798000 r--s 00039000 08:07 5743903                    /home/neev/.m2/repository/org/yaml/snakeyaml/1.8/snakeyaml-1.8.jar
7fb457798000-7fb4577a9000 r--s 000f7000 08:07 5743721                    /home/neev/.m2/repository/org/xhtmlrenderer/core-renderer/R8/core-renderer-R8.jar
7fb4577a9000-7fb4577b1000 r-xp 00000000 08:07 5505950                    /usr/lib/jvm/jdk1.7.0_11/jre/lib/amd64/libmanagement.so
7fb4577b1000-7fb4579b0000 ---p 00008000 08:07 5505950                    /usr/lib/jvm/jdk1.7.0_11/jre/lib/amd64/libmanagement.so
7fb4579b0000-7fb4579b1000 rw-p 00007000 08:07 5505950                    /usr/lib/jvm/jdk1.7.0_11/jre/lib/amd64/libmanagement.so
7fb4579b1000-7fb4579b4000 ---p 00000000 00:00 0 
7fb4579b4000-7fb457ab2000 rw-p 00000000 00:00 0                          [stack:3401]
7fb457ab2000-7fb457ab6000 r--s 0008a000 08:07 5505974                    /usr/lib/jvm/jdk1.7.0_11/jre/lib/jsse.jar
7fb457ab6000-7fb457abf000 r--s 00250000 08:07 5505960                    /usr/lib/jvm/jdk1.7.0_11/jre/lib/resources.jar
7fb457abf000-7fb457ac2000 ---p 00000000 00:00 0 
7fb457ac2000-7fb457af8000 rw-p 00000000 00:00 0                          [stack:3397]
7fb457af8000-7fb457af9000 ---p 00000000 00:00 0 
7fb457af9000-7fb457bf9000 rw-p 00000000 00:00 0                          [stack:3395]
7fb457bf9000-7fb457bfc000 ---p 00000000 00:00 0 
7fb457bfc000-7fb457cfa000 rw-p 00000000 00:00 0                          [stack:3394]
7fb457cfa000-7fb457cfd000 ---p 00000000 00:00 0 
7fb457cfd000-7fb457dfb000 rw-p 00000000 00:00 0                          [stack:3393]
7fb457dfb000-7fb457dfe000 ---p 00000000 00:00 0 
7fb457dfe000-7fb457efc000 rw-p 00000000 00:00 0                          [stack:3392]
7fb457efc000-7fb457f1e000 r--s 0025c000 08:07 5742933                    /home/neev/.m2/repository/org/apache/tomcat/embed/tomcat-embed-core/7.0.42/tomcat-embed-core-7.0.42.jar
7fb457f1e000-7fb457f33000 r--s 00116000 08:07 5742922                    /home/neev/.m2/repository/org/apache/ivy/ivy/2.3.0/ivy-2.3.0.jar
7fb457f33000-7fb457f96000 r--s 005b2000 08:07 5743727                    /home/neev/.m2/repository/org/codehaus/groovy/groovy-all/2.1.6/groovy-all-2.1.6.jar
7fb457f96000-7fb458000000 r--s 00e19000 08:07 5489634                    /usr/lib/jvm/jdk1.7.0_11/lib/tools.jar
7fb458000000-7fb458022000 rw-p 00000000 00:00 0 
7fb458022000-7fb45c000000 ---p 00000000 00:00 0 
7fb45c000000-7fb45c001000 r--s 00005000 08:07 5743751                    /home/neev/.m2/repository/org/grails/grails-plugin-databinding/2.3.0/grails-plugin-databinding-2.3.0.jar
7fb45c001000-7fb45c009000 r--s 00068000 08:07 5660893                    /home/neev/Untitled Folder/grails-2.3.0/lib/org.springsource.springloaded/springloaded-core/jars/springloaded-core-1.1.3.jar
7fb45c009000-7fb45c014000 r--s 000b8000 08:07 5742967                    /home/neev/.m2/repository/org/apache/tomcat/embed/tomcat-embed-jasper/7.0.42/tomcat-embed-jasper-7.0.42.jar
7fb45c014000-7fb45c032000 r--s 001bd000 08:07 5742917                    /home/neev/.m2/repository/org/apache/ant/ant/1.8.4/ant-1.8.4.jar
7fb45c032000-7fb45c035000 ---p 00000000 00:00 0 
7fb45c035000-7fb45c133000 rw-p 00000000 00:00 0                          [stack:3391]
7fb45c133000-7fb45c814000 r--p 00000000 08:07 1714168                    /usr/lib/locale/locale-archive
7fb45c814000-7fb45c817000 ---p 00000000 00:00 0 
7fb45c817000-7fb45c915000 rw-p 00000000 00:00 0                          [stack:3390]
7fb45c915000-7fb45c918000 ---p 00000000 00:00 0 
7fb45c918000-7fb45ca16000 rw-p 00000000 00:00 0                          [stack:3389]
7fb45ca16000-7fb45ca17000 ---p 00000000 00:00 0 
7fb45ca17000-7fb45da71000 rw-p 00000000 00:00 0                          [stack:3388]
7fb45da71000-7fb45dc2e000 r--s 039d3000 08:07 5505967                    /usr/lib/jvm/jdk1.7.0_11/jre/lib/rt.jar
7fb45dc2e000-7fb45fea4000 rw-p 00000000 00:00 0 
7fb45fea4000-7fb45fea5000 ---p 00000000 00:00 0 
7fb45fea5000-7fb45ffa5000 rw-p 00000000 00:00 0                          [stack:3387]
7fb45ffa5000-7fb45ffa6000 ---p 00000000 00:00 0 
7fb45ffa6000-7fb4600a6000 rw-p 00000000 00:00 0                          [stack:3386]
7fb4600a6000-7fb4600a7000 ---p 00000000 00:00 0 
7fb4600a7000-7fb4601a7000 rw-p 00000000 00:00 0                          [stack:3385]
7fb4601a7000-7fb4601a8000 ---p 00000000 00:00 0 
7fb4601a8000-7fb4602d7000 rw-p 00000000 00:00 0                          [stack:3384]
7fb4602d7000-7fb460322000 ---p 00000000 00:00 0 
7fb460322000-7fb4603a8000 rw-p 00000000 00:00 0 
7fb4603a8000-7fb4603cc000 rw-p 00000000 00:00 0 
7fb4603cc000-7fb460428000 rw-p 00000000 00:00 0 
7fb460428000-7fb460457000 rw-p 00000000 00:00 0 
7fb460457000-7fb4604a2000 ---p 00000000 00:00 0 
7fb4604a2000-7fb460528000 rw-p 00000000 00:00 0 
7fb460528000-7fb4605a8000 rw-p 00000000 00:00 0 
7fb4605a8000-7fb4605a9000 rw-p 00000000 00:00 0 
7fb4605a9000-7fb460af9000 rwxp 00000000 00:00 0 
7fb460af9000-7fb4635a9000 rw-p 00000000 00:00 0 
7fb4635a9000-7fb4635c3000 r-xp 00000000 08:07 5505951                    /usr/lib/jvm/jdk1.7.0_11/jre/lib/amd64/libzip.so
7fb4635c3000-7fb4637c3000 ---p 0001a000 08:07 5505951                    /usr/lib/jvm/jdk1.7.0_11/jre/lib/amd64/libzip.so
7fb4637c3000-7fb4637c4000 rw-p 0001a000 08:07 5505951                    /usr/lib/jvm/jdk1.7.0_11/jre/lib/amd64/libzip.so
7fb4637c4000-7fb4637d0000 r-xp 00000000 08:07 1074121                    /lib/x86_64-linux-gnu/libnss_files-2.17.so
7fb4637d0000-7fb4639cf000 ---p 0000c000 08:07 1074121                    /lib/x86_64-linux-gnu/libnss_files-2.17.so
7fb4639cf000-7fb4639d0000 r--p 0000b000 08:07 1074121                    /lib/x86_64-linux-gnu/libnss_files-2.17.so
7fb4639d0000-7fb4639d1000 rw-p 0000c000 08:07 1074121                    /lib/x86_64-linux-gnu/libnss_files-2.17.so
7fb4639d1000-7fb4639dc000 r-xp 00000000 08:07 1074125                    /lib/x86_64-linux-gnu/libnss_nis-2.17.so
7fb4639dc000-7fb463bdb000 ---p 0000b000 08:07 1074125                    /lib/x86_64-linux-gnu/libnss_nis-2.17.so
7fb463bdb000-7fb463bdc000 r--p 0000a000 08:07 1074125                    /lib/x86_64-linux-gnu/libnss_nis-2.17.so
7fb463bdc000-7fb463bdd000 rw-p 0000b000 08:07 1074125                    /lib/x86_64-linux-gnu/libnss_nis-2.17.so
7fb463bdd000-7fb463bf4000 r-xp 00000000 08:07 1074115                    /lib/x86_64-linux-gnu/libnsl-2.17.so
7fb463bf4000-7fb463df3000 ---p 00017000 08:07 1074115                    /lib/x86_64-linux-gnu/libnsl-2.17.so
7fb463df3000-7fb463df4000 r--p 00016000 08:07 1074115                    /lib/x86_64-linux-gnu/libnsl-2.17.so
7fb463df4000-7fb463df5000 rw-p 00017000 08:07 1074115                    /lib/x86_64-linux-gnu/libnsl-2.17.so
7fb463df5000-7fb463df7000 rw-p 00000000 00:00 0 
7fb463df7000-7fb463dff000 r-xp 00000000 08:07 1074117                    /lib/x86_64-linux-gnu/libnss_compat-2.17.so
7fb463dff000-7fb463ffe000 ---p 00008000 08:07 1074117                    /lib/x86_64-linux-gnu/libnss_compat-2.17.so
7fb463ffe000-7fb463fff000 r--p 00007000 08:07 1074117                    /lib/x86_64-linux-gnu/libnss_compat-2.17.so
7fb463fff000-7fb464000000 rw-p 00008000 08:07 1074117                    /lib/x86_64-linux-gnu/libnss_compat-2.17.so
7fb464000000-7fb464ab2000 rw-p 00000000 00:00 0 
7fb464ab2000-7fb468000000 ---p 00000000 00:00 0 
7fb468000000-7fb468003000 r--s 00036000 08:07 5743728                    /home/neev/.m2/repository/org/grails/grails-plugin-rest/2.3.0/grails-plugin-rest-2.3.0.jar
7fb468003000-7fb468005000 r--s 00001000 08:07 5505395                    /usr/lib/jvm/jdk1.7.0_11/jre/lib/ext/dnsns.jar
7fb468005000-7fb468006000 r--s 0000e000 08:07 5882113                    /home/neev/NetBeansProjects/backup-master/target/work/plugins/tomcat-7.0.42/grails-plugin-tomcat-7.0.42.jar
7fb468006000-7fb468008000 r--s 0000c000 08:07 5742929                    /home/neev/.m2/repository/org/apache/tomcat/tomcat-catalina-ant/7.0.42/tomcat-catalina-ant-7.0.42.jar
7fb468008000-7fb468014000 r--s 000c5000 08:07 5743761                    /home/neev/.m2/repository/org/grails/grails-bootstrap/2.3.0/grails-bootstrap-2.3.0.jar
7fb468014000-7fb468093000 rw-p 00000000 00:00 0 
7fb468093000-7fb4680ef000 rw-p 00000000 00:00 0 
7fb4680ef000-7fb4680f9000 r-xp 00000000 08:07 5505949                    /usr/lib/jvm/jdk1.7.0_11/jre/lib/amd64/libinstrument.so
7fb4680f9000-7fb4682f8000 ---p 0000a000 08:07 5505949                    /usr/lib/jvm/jdk1.7.0_11/jre/lib/amd64/libinstrument.so
7fb4682f8000-7fb4682f9000 rw-p 00009000 08:07 5505949                    /usr/lib/jvm/jdk1.7.0_11/jre/lib/amd64/libinstrument.so
7fb4682f9000-7fb468322000 r-xp 00000000 08:07 5505936                    /usr/lib/jvm/jdk1.7.0_11/jre/lib/amd64/libjava.so
7fb468322000-7fb468522000 ---p 00029000 08:07 5505936                    /usr/lib/jvm/jdk1.7.0_11/jre/lib/amd64/libjava.so
7fb468522000-7fb468524000 rw-p 00029000 08:07 5505936                    /usr/lib/jvm/jdk1.7.0_11/jre/lib/amd64/libjava.so
7fb468524000-7fb468531000 r-xp 00000000 08:07 5505902                    /usr/lib/jvm/jdk1.7.0_11/jre/lib/amd64/libverify.so
7fb468531000-7fb468730000 ---p 0000d000 08:07 5505902                    /usr/lib/jvm/jdk1.7.0_11/jre/lib/amd64/libverify.so
7fb468730000-7fb468732000 rw-p 0000c000 08:07 5505902                    /usr/lib/jvm/jdk1.7.0_11/jre/lib/amd64/libverify.so
7fb468732000-7fb468739000 r-xp 00000000 08:07 1074168                    /lib/x86_64-linux-gnu/librt-2.17.so
7fb468739000-7fb468938000 ---p 00007000 08:07 1074168                    /lib/x86_64-linux-gnu/librt-2.17.so
7fb468938000-7fb468939000 r--p 00006000 08:07 1074168                    /lib/x86_64-linux-gnu/librt-2.17.so
7fb468939000-7fb46893a000 rw-p 00007000 08:07 1074168                    /lib/x86_64-linux-gnu/librt-2.17.so
7fb46893a000-7fb468a3d000 r-xp 00000000 08:07 1074096                    /lib/x86_64-linux-gnu/libm-2.17.so
7fb468a3d000-7fb468c3d000 ---p 00103000 08:07 1074096                    /lib/x86_64-linux-gnu/libm-2.17.so
7fb468c3d000-7fb468c3e000 r--p 00103000 08:07 1074096                    /lib/x86_64-linux-gnu/libm-2.17.so
7fb468c3e000-7fb468c3f000 rw-p 00104000 08:07 1074096                    /lib/x86_64-linux-gnu/libm-2.17.so
7fb468c3f000-7fb4697a1000 r-xp 00000000 08:07 5505916                    /usr/lib/jvm/jdk1.7.0_11/jre/lib/amd64/server/libjvm.so
7fb4697a1000-7fb4699a1000 ---p 00b62000 08:07 5505916                    /usr/lib/jvm/jdk1.7.0_11/jre/lib/amd64/server/libjvm.so
7fb4699a1000-7fb469a64000 rw-p 00b62000 08:07 5505916                    /usr/lib/jvm/jdk1.7.0_11/jre/lib/amd64/server/libjvm.so
7fb469a64000-7fb469aa5000 rw-p 00000000 00:00 0 
7fb469aa5000-7fb469c63000 r-xp 00000000 08:07 1074048                    /lib/x86_64-linux-gnu/libc-2.17.so
7fb469c63000-7fb469e62000 ---p 001be000 08:07 1074048                    /lib/x86_64-linux-gnu/libc-2.17.so
7fb469e62000-7fb469e66000 r--p 001bd000 08:07 1074048                    /lib/x86_64-linux-gnu/libc-2.17.so
7fb469e66000-7fb469e68000 rw-p 001c1000 08:07 1074048                    /lib/x86_64-linux-gnu/libc-2.17.so
7fb469e68000-7fb469e6d000 rw-p 00000000 00:00 0 
7fb469e6d000-7fb469e70000 r-xp 00000000 08:07 1074063                    /lib/x86_64-linux-gnu/libdl-2.17.so
7fb469e70000-7fb46a06f000 ---p 00003000 08:07 1074063                    /lib/x86_64-linux-gnu/libdl-2.17.so
7fb46a06f000-7fb46a070000 r--p 00002000 08:07 1074063                    /lib/x86_64-linux-gnu/libdl-2.17.so
7fb46a070000-7fb46a071000 rw-p 00003000 08:07 1074063                    /lib/x86_64-linux-gnu/libdl-2.17.so
7fb46a071000-7fb46a087000 r-xp 00000000 08:07 5513220                    /usr/lib/jvm/jdk1.7.0_11/jre/lib/amd64/jli/libjli.so
7fb46a087000-7fb46a287000 ---p 00016000 08:07 5513220                    /usr/lib/jvm/jdk1.7.0_11/jre/lib/amd64/jli/libjli.so
7fb46a287000-7fb46a288000 rw-p 00016000 08:07 5513220                    /usr/lib/jvm/jdk1.7.0_11/jre/lib/amd64/jli/libjli.so
7fb46a288000-7fb46a2a0000 r-xp 00000000 08:07 1074160                    /lib/x86_64-linux-gnu/libpthread-2.17.so
7fb46a2a0000-7fb46a49f000 ---p 00018000 08:07 1074160                    /lib/x86_64-linux-gnu/libpthread-2.17.so
7fb46a49f000-7fb46a4a0000 r--p 00017000 08:07 1074160                    /lib/x86_64-linux-gnu/libpthread-2.17.so
7fb46a4a0000-7fb46a4a1000 rw-p 00018000 08:07 1074160                    /lib/x86_64-linux-gnu/libpthread-2.17.so
7fb46a4a1000-7fb46a4a5000 rw-p 00000000 00:00 0 
7fb46a4a5000-7fb46a4c8000 r-xp 00000000 08:07 1074024                    /lib/x86_64-linux-gnu/ld-2.17.so
7fb46a4c8000-7fb46a4cb000 r--s 00018000 08:07 5742921                    /home/neev/.m2/repository/org/apache/ant/ant-junit/1.8.4/ant-junit-1.8.4.jar
7fb46a4cb000-7fb46a4cc000 r--s 00001000 08:07 5742919                    /home/neev/.m2/repository/org/apache/ant/ant-trax/1.7.1/ant-trax-1.7.1.jar
7fb46a4cc000-7fb46a4ce000 r--s 00005000 08:07 5742916                    /home/neev/.m2/repository/org/slf4j/slf4j-api/1.7.5/slf4j-api-1.7.5.jar
7fb46a4ce000-7fb46a4d7000 r--s 0006f000 08:07 5743911                    /home/neev/.m2/repository/log4j/log4j/1.2.17/log4j-1.2.17.jar
7fb46a4d7000-7fb46a501000 rw-p 00000000 00:00 0 
7fb46a501000-7fb46a5ab000 rw-p 00000000 00:00 0 
7fb46a5ab000-7fb46a5ae000 ---p 00000000 00:00 0 
7fb46a5ae000-7fb46a6b0000 rw-p 00000000 00:00 0                          [stack:3381]
7fb46a6b0000-7fb46a6b1000 r--s 00004000 08:07 5742918                    /home/neev/.m2/repository/org/apache/ant/ant-launcher/1.8.4/ant-launcher-1.8.4.jar
7fb46a6b1000-7fb46a6b3000 r--s 00008000 08:07 5742914                    /home/neev/.m2/repository/org/fusesource/jansi/jansi/1.2.1/jansi-1.2.1.jar
7fb46a6b3000-7fb46a6b5000 r--s 00015000 08:07 5742913                    /home/neev/.m2/repository/jline/jline/1.0/jline-1.0.jar
7fb46a6b5000-7fb46a6b7000 r--s 0000e000 08:07 5743775                    /home/neev/.m2/repository/org/grails/grails-plugin-log4j/2.3.0/grails-plugin-log4j-2.3.0.jar
7fb46a6b7000-7fb46a6b9000 r--s 00013000 08:07 5742931                    /home/neev/.m2/repository/org/apache/tomcat/embed/tomcat-embed-logging-log4j/7.0.42/tomcat-embed-logging-log4j-7.0.42.jar
7fb46a6b9000-7fb46a6bb000 r--s 00003000 08:07 5742915                    /home/neev/.m2/repository/org/slf4j/jcl-over-slf4j/1.7.5/jcl-over-slf4j-1.7.5.jar
7fb46a6bb000-7fb46a6c3000 rw-s 00000000 08:07 876557                     /tmp/hsperfdata_neev/3380
7fb46a6c3000-7fb46a6c4000 rw-p 00000000 00:00 0 
7fb46a6c4000-7fb46a6c5000 r--p 00000000 00:00 0 
7fb46a6c5000-7fb46a6c7000 rw-p 00000000 00:00 0 
7fb46a6c7000-7fb46a6c8000 r--p 00022000 08:07 1074024                    /lib/x86_64-linux-gnu/ld-2.17.so
7fb46a6c8000-7fb46a6ca000 rw-p 00023000 08:07 1074024                    /lib/x86_64-linux-gnu/ld-2.17.so
7fffdf936000-7fffdf958000 rw-p 00000000 00:00 0                          [stack]
7fffdf9fe000-7fffdfa00000 r-xp 00000000 00:00 0                          [vdso]
ffffffffff600000-ffffffffff601000 r-xp 00000000 00:00 0                  [vsyscall]

VM Arguments:
jvm_args: -Xmx768M -Xms64M -XX:MaxPermSize=256m -Dgrails.fork.active=true -Dgrails.build.execution.context=/tmp/backup-master7081795079857725238grails-execution-context -javaagent:/home/neev/Untitled Folder/grails-2.3.0/lib/org.springsource.springloaded/springloaded-core/jars/springloaded-core-1.1.3.jar -Xverify:none -Dspringloaded.synchronize=true -Djdk.reflect.allowGetCallerClass=true -Dspringloaded=profile=grails;cacheDir=/home/neev/.grails/2.3.0 
java_command: org.grails.plugins.tomcat.fork.ForkedTomcatServer
Launcher Type: SUN_STANDARD

Environment Variables:
JAVA_HOME=/usr/lib/jvm/jdk1.7.0_11
PATH=/usr/lib/lightdm/lightdm:/usr/local/sbin:/usr/local/bin:/usr/sbin:/usr/bin:/sbin:/bin:/usr/games:/usr/local/games
SHELL=/bin/bash
DISPLAY=:0.0

Signal Handlers:
SIGSEGV: [libjvm.so+0x992d50], sa_mask[0]=0x7ffbfeff, sa_flags=0x10000004
SIGBUS: [libjvm.so+0x992d50], sa_mask[0]=0x7ffbfeff, sa_flags=0x10000004
SIGFPE: [libjvm.so+0x80fb00], sa_mask[0]=0x7ffbfeff, sa_flags=0x10000004
SIGPIPE: [libjvm.so+0x80fb00], sa_mask[0]=0x7ffbfeff, sa_flags=0x10000004
SIGXFSZ: [libjvm.so+0x80fb00], sa_mask[0]=0x7ffbfeff, sa_flags=0x10000004
SIGILL: [libjvm.so+0x80fb00], sa_mask[0]=0x7ffbfeff, sa_flags=0x10000004
SIGUSR1: SIG_DFL, sa_mask[0]=0x00000000, sa_flags=0x00000000
SIGUSR2: [libjvm.so+0x810ff0], sa_mask[0]=0x00000004, sa_flags=0x10000004
SIGHUP: [libjvm.so+0x811f60], sa_mask[0]=0x7ffbfeff, sa_flags=0x10000004
SIGINT: SIG_IGN, sa_mask[0]=0x00000000, sa_flags=0x00000000
SIGTERM: [libjvm.so+0x811f60], sa_mask[0]=0x7ffbfeff, sa_flags=0x10000004
SIGQUIT: [libjvm.so+0x811f60], sa_mask[0]=0x7ffbfeff, sa_flags=0x10000004


---------------  S Y S T E M  ---------------

OS:wheezy/sid

uname:Linux 3.8.0-19-generic #29-Ubuntu SMP Wed Apr 17 18:16:28 UTC 2013 x86_64
libc:glibc 2.17 NPTL 2.17 
rlimit: STACK 8192k, CORE 0k, NPROC 31391, NOFILE 4096, AS infinity
load average:2.04 0.85 0.44

/proc/meminfo:
MemTotal:        4037196 kB
MemFree:          465412 kB
Buffers:          163172 kB
Cached:          1171020 kB
SwapCached:            0 kB
Active:          2342296 kB
Inactive:        1050776 kB
Active(anon):    2060000 kB
Inactive(anon):   199508 kB
Active(file):     282296 kB
Inactive(file):   851268 kB
Unevictable:          32 kB
Mlocked:              32 kB
SwapTotal:       7813116 kB
SwapFree:        7813116 kB
Dirty:               200 kB
Writeback:             0 kB
AnonPages:       2059332 kB
Mapped:           201884 kB
Shmem:            200364 kB
Slab:              98432 kB
SReclaimable:      73784 kB
SUnreclaim:        24648 kB
KernelStack:        4432 kB
PageTables:        31260 kB
NFS_Unstable:          0 kB
Bounce:                0 kB
WritebackTmp:          0 kB
CommitLimit:     9831712 kB
Committed_AS:    5350380 kB
VmallocTotal:   34359738367 kB
VmallocUsed:      312984 kB
VmallocChunk:   34359421916 kB
HardwareCorrupted:     0 kB
AnonHugePages:         0 kB
HugePages_Total:       0
HugePages_Free:        0
HugePages_Rsvd:        0
HugePages_Surp:        0
Hugepagesize:       2048 kB
DirectMap4k:       43008 kB
DirectMap2M:     4141056 kB


CPU:total 4 (4 cores per cpu, 1 threads per core) family 6 model 23 stepping 10, cmov, cx8, fxsr, mmx, sse, sse2, sse3, ssse3, tsc

/proc/cpuinfo:
processor	: 0
vendor_id	: GenuineIntel
cpu family	: 6
model		: 23
model name	: 06/17
stepping	: 10
cpu MHz		: 2499.943
cache size	: 2048 KB
physical id	: 0
siblings	: 4
core id		: 0
cpu cores	: 4
apicid		: 0
initial apicid	: 0
fpu		: yes
fpu_exception	: yes
cpuid level	: 13
wp		: yes
flags		: fpu vme de pse tsc msr pae mce cx8 apic sep mtrr pge mca cmov pat pse36 clflush dts acpi mmx fxsr sse sse2 ss ht tm pbe syscall nx lm constant_tsc arch_perfmon pebs bts rep_good nopl aperfmperf pni tm2 ssse3 lahf_lm dtherm
bogomips	: 4999.88
clflush size	: 64
cache_alignment	: 64
address sizes	: 36 bits physical, 48 bits virtual
power management:

processor	: 1
vendor_id	: GenuineIntel
cpu family	: 6
model		: 23
model name	: 06/17
stepping	: 10
cpu MHz		: 2499.943
cache size	: 2048 KB
physical id	: 0
siblings	: 4
core id		: 1
cpu cores	: 4
apicid		: 1
initial apicid	: 1
fpu		: yes
fpu_exception	: yes
cpuid level	: 13
wp		: yes
flags		: fpu vme de pse tsc msr pae mce cx8 apic sep mtrr pge mca cmov pat pse36 clflush dts acpi mmx fxsr sse sse2 ss ht tm pbe syscall nx lm constant_tsc arch_perfmon pebs bts rep_good nopl aperfmperf pni tm2 ssse3 lahf_lm dtherm
bogomips	: 4999.88
clflush size	: 64
cache_alignment	: 64
address sizes	: 36 bits physical, 48 bits virtual
power management:

processor	: 2
vendor_id	: GenuineIntel
cpu family	: 6
model		: 23
model name	: 06/17
stepping	: 10
cpu MHz		: 2499.943
cache size	: 2048 KB
physical id	: 0
siblings	: 4
core id		: 2
cpu cores	: 4
apicid		: 2
initial apicid	: 2
fpu		: yes
fpu_exception	: yes
cpuid level	: 13
wp		: yes
flags		: fpu vme de pse tsc msr pae mce cx8 apic sep mtrr pge mca cmov pat pse36 clflush dts acpi mmx fxsr sse sse2 ss ht tm pbe syscall nx lm constant_tsc arch_perfmon pebs bts rep_good nopl aperfmperf pni tm2 ssse3 lahf_lm dtherm
bogomips	: 4999.88
clflush size	: 64
cache_alignment	: 64
address sizes	: 36 bits physical, 48 bits virtual
power management:

processor	: 3
vendor_id	: GenuineIntel
cpu family	: 6
model		: 23
model name	: 06/17
stepping	: 10
cpu MHz		: 2499.943
cache size	: 2048 KB
physical id	: 0
siblings	: 4
core id		: 3
cpu cores	: 4
apicid		: 3
initial apicid	: 3
fpu		: yes
fpu_exception	: yes
cpuid level	: 13
wp		: yes
flags		: fpu vme de pse tsc msr pae mce cx8 apic sep mtrr pge mca cmov pat pse36 clflush dts acpi mmx fxsr sse sse2 ss ht tm pbe syscall nx lm constant_tsc arch_perfmon pebs bts rep_good nopl aperfmperf pni tm2 ssse3 lahf_lm dtherm
bogomips	: 4999.88
clflush size	: 64
cache_alignment	: 64
address sizes	: 36 bits physical, 48 bits virtual
power management:



Memory: 4k page, physical 4037196k(465412k free), swap 7813116k(7813116k free)

vm_info: Java HotSpot(TM) 64-Bit Server VM (24.0-b56) for linux-amd64 JRE (1.7.0_40-b43), built on Aug 26 2013 23:53:33 by "java_re" with gcc 4.3.0 20080428 (Red Hat 4.3.0-8)

time: Wed Oct  9 10:57:58 2013
elapsed time: 21 seconds

